
$ python plan.py --config-name plan_gd.yaml ckpt_base_path=/mnt/ts/runs/medium-adapter-cos-20260702-01/checkpoints/dino_channel_cos_straightened/test/medium_cos1e-1_agg32_projchannel_dim8_hw14_sgTrue_lr1e-05 model_name=dino_channel_cos_straightened model_epoch=20 n_evals=50 goal_H=25 goal_source=dset objective.alpha=0 objective.mode=last planner.max_iter=1 planner.n_taken_actions=25 planner.sub_planner.horizon=25 planner.sub_planner.lr=1 planner.sub_planner.sample_type=randn planner.sub_planner.action_noise=0.003 planner.sub_planner.opt_steps=1000 planner.sub_planner.eval_every=-1 decode_for_viz=false +wandb_logging=false hydra.run.dir=/mnt/ts/runs/medium-adapter-cos-20260702-01/plans/dino_channel_cos_straightened hydra.sweep.dir=/mnt/ts/runs/medium-adapter-cos-20260702-01/plans/dino_channel_cos_straightened hydra.job.chdir=True
Gym has been unmaintained since 2022 and does not support NumPy 2.0 amongst other critical functionality.
Please upgrade to Gymnasium, the maintained drop-in replacement of Gym, or contact the authors of your software and request that they upgrade.
See the migration guide at https://gymnasium.farama.org/introduction/migration_guide/ for additional information.
/opt/conda/lib/python3.10/site-packages/wandb/util.py:118: SentryHubDeprecationWarning: `sentry_sdk.Hub` is deprecated and will be removed in a future major release. Please consult our 1.x to 2.x migration guide for details on how to migrate `Hub` usage to the new API: https://docs.sentry.io/platforms/python/migration/1.x-to-2.x
  sentry_hub = sentry_sdk.Hub(sentry_client)
/opt/conda/lib/python3.10/site-packages/wandb/sdk/internal/internal_api.py:30: DeprecationWarning: pkg_resources is deprecated as an API. See https://setuptools.pypa.io/en/latest/pkg_resources.html
  from pkg_resources import parse_version
/opt/conda/lib/python3.10/site-packages/pkg_resources/__init__.py:2871: DeprecationWarning: Deprecated call to `pkg_resources.declare_namespace('mpl_toolkits')`.
Implementing implicit namespace packages (as specified in PEP 420) is preferred to `pkg_resources.declare_namespace`. See https://setuptools.pypa.io/en/latest/references/keywords.html#keyword-namespace-packages
  declare_namespace(pkg)
/opt/conda/lib/python3.10/site-packages/pkg_resources/__init__.py:2871: DeprecationWarning: Deprecated call to `pkg_resources.declare_namespace('google')`.
Implementing implicit namespace packages (as specified in PEP 420) is preferred to `pkg_resources.declare_namespace`. See https://setuptools.pypa.io/en/latest/references/keywords.html#keyword-namespace-packages
  declare_namespace(pkg)
/opt/conda/lib/python3.10/site-packages/pkg_resources/__init__.py:2871: DeprecationWarning: Deprecated call to `pkg_resources.declare_namespace('ruamel')`.
Implementing implicit namespace packages (as specified in PEP 420) is preferred to `pkg_resources.declare_namespace`. See https://setuptools.pypa.io/en/latest/references/keywords.html#keyword-namespace-packages
  declare_namespace(pkg)
Compiling /opt/conda/lib/python3.10/site-packages/mujoco_py/cymj.pyx because it depends on /opt/conda/lib/python3.10/site-packages/mujoco_py/pxd/mujoco.pxd.
[1/1] Cythonizing /opt/conda/lib/python3.10/site-packages/mujoco_py/cymj.pyx
<frozen importlib._bootstrap>:283: DeprecationWarning: the load_module() method is deprecated and slated for removal in Python 3.12; use exec_module() instead
INFO:absl:MUJOCO_GL=osmesa, attempting to import specified OpenGL backend.
INFO:OpenGL.acceleratesupport:No OpenGL_accelerate module loaded: No module named 'OpenGL_accelerate'
INFO:absl:MuJoCo library version is: 3.2.7
pybullet build time: Jan 29 2025 23:16:28
/opt/conda/lib/python3.10/site-packages/gym/envs/registration.py:595: UserWarning: [33mWARN: Overriding environment maze2d-open-v0[0m
  logger.warn(f"Overriding environment {id}")
/opt/conda/lib/python3.10/site-packages/gym/envs/registration.py:595: UserWarning: [33mWARN: Overriding environment maze2d-umaze-v0[0m
  logger.warn(f"Overriding environment {id}")
/opt/conda/lib/python3.10/site-packages/gym/envs/registration.py:595: UserWarning: [33mWARN: Overriding environment maze2d-medium-v0[0m
  logger.warn(f"Overriding environment {id}")
/opt/conda/lib/python3.10/site-packages/gym/envs/registration.py:595: UserWarning: [33mWARN: Overriding environment maze2d-large-v0[0m
  logger.warn(f"Overriding environment {id}")
/opt/conda/lib/python3.10/site-packages/gym/envs/registration.py:595: UserWarning: [33mWARN: Overriding environment maze2d-umaze-v1[0m
  logger.warn(f"Overriding environment {id}")
/opt/conda/lib/python3.10/site-packages/gym/envs/registration.py:595: UserWarning: [33mWARN: Overriding environment maze2d-medium-v1[0m
  logger.warn(f"Overriding environment {id}")
/opt/conda/lib/python3.10/site-packages/gym/envs/registration.py:595: UserWarning: [33mWARN: Overriding environment maze2d-large-v1[0m
  logger.warn(f"Overriding environment {id}")
/opt/conda/lib/python3.10/site-packages/gym/envs/registration.py:595: UserWarning: [33mWARN: Overriding environment maze2d-eval-umaze-v1[0m
  logger.warn(f"Overriding environment {id}")
/opt/conda/lib/python3.10/site-packages/gym/envs/registration.py:595: UserWarning: [33mWARN: Overriding environment maze2d-eval-medium-v1[0m
  logger.warn(f"Overriding environment {id}")
/opt/conda/lib/python3.10/site-packages/gym/envs/registration.py:595: UserWarning: [33mWARN: Overriding environment maze2d-eval-large-v1[0m
  logger.warn(f"Overriding environment {id}")
/opt/conda/lib/python3.10/site-packages/gym/envs/registration.py:595: UserWarning: [33mWARN: Overriding environment maze2d-open-dense-v0[0m
  logger.warn(f"Overriding environment {id}")
/opt/conda/lib/python3.10/site-packages/gym/envs/registration.py:595: UserWarning: [33mWARN: Overriding environment maze2d-umaze-dense-v0[0m
  logger.warn(f"Overriding environment {id}")
/opt/conda/lib/python3.10/site-packages/gym/envs/registration.py:595: UserWarning: [33mWARN: Overriding environment maze2d-medium-dense-v0[0m
  logger.warn(f"Overriding environment {id}")
/opt/conda/lib/python3.10/site-packages/gym/envs/registration.py:595: UserWarning: [33mWARN: Overriding environment maze2d-large-dense-v0[0m
  logger.warn(f"Overriding environment {id}")
/opt/conda/lib/python3.10/site-packages/gym/envs/registration.py:595: UserWarning: [33mWARN: Overriding environment maze2d-umaze-dense-v1[0m
  logger.warn(f"Overriding environment {id}")
/opt/conda/lib/python3.10/site-packages/gym/envs/registration.py:595: UserWarning: [33mWARN: Overriding environment maze2d-medium-dense-v1[0m
  logger.warn(f"Overriding environment {id}")
/opt/conda/lib/python3.10/site-packages/gym/envs/registration.py:595: UserWarning: [33mWARN: Overriding environment maze2d-large-dense-v1[0m
  logger.warn(f"Overriding environment {id}")
/opt/conda/lib/python3.10/site-packages/gym/envs/registration.py:595: UserWarning: [33mWARN: Overriding environment maze2d-eval-umaze-dense-v1[0m
  logger.warn(f"Overriding environment {id}")
/opt/conda/lib/python3.10/site-packages/gym/envs/registration.py:595: UserWarning: [33mWARN: Overriding environment maze2d-eval-medium-dense-v1[0m
  logger.warn(f"Overriding environment {id}")
/opt/conda/lib/python3.10/site-packages/gym/envs/registration.py:595: UserWarning: [33mWARN: Overriding environment maze2d-eval-large-dense-v1[0m
  logger.warn(f"Overriding environment {id}")
/workspace/temporal-straightening/custom_resolvers.py:4: UserWarning: 
The version_base parameter is not specified.
Please specify a compatability version level, or None.
Will assume defaults for version 1.1
  @hydra.main(config_path=None)
[2026-07-03 00:30:35,415][__main__][INFO] - Planning result saved dir: /__modal/volumes/vo-0WevHLDp8lzpYcSwfuwmkq/runs/medium-adapter-cos-20260702-01/plans/dino_channel_cos_straightened
Loaded 50 rollouts
[[42, 17, 30, 34, 20, 25, 0, 8, 36, 18, 28, 39, 3, 2, 41, 1, 37, 6, 14, 12, 11, 32, 43, 16, 5, 38, 31, 44, 26, 45, 15, 47, 4, 10, 21, 19, 33, 27, 13, 48, 46, 23, 22, 35, 7], [24, 49, 29, 40, 9]]
Using cache found in /mnt/ts/torch_home/hub/facebookresearch_dinov2_main
[2026-07-03 00:30:36,883][dinov2][INFO] - using MLP layer as FFN
[2026-07-03 00:30:37,243][models.dino][WARNING] - Unknown projector 'none' for patch tokens; proceeding without projector.
Resuming from epoch 20: /mnt/ts/runs/medium-adapter-cos-20260702-01/checkpoints/dino_channel_cos_straightened/test/medium_cos1e-1_agg32_projchannel_dim8_hw14_sgTrue_lr1e-05/checkpoints/model_20.pth
[2026-07-03 00:30:37,757][models.visual_world_model][INFO] - num_action_repeat: 1
[2026-07-03 00:30:37,758][models.visual_world_model][INFO] - num_proprio_repeat: 1
[2026-07-03 00:30:37,758][models.visual_world_model][INFO] - proprio encoder: ProprioceptiveEmbedding(
  (patch_embed): Conv1d(4, 10, kernel_size=(1,), stride=(1,))
  (norm): LayerNorm((10,), eps=1e-05, elementwise_affine=True)
)
[2026-07-03 00:30:37,758][models.visual_world_model][INFO] - action encoder: ProprioceptiveEmbedding(
  (patch_embed): Conv1d(10, 10, kernel_size=(1,), stride=(1,))
  (norm): LayerNorm((10,), eps=1e-05, elementwise_affine=True)
)
[2026-07-03 00:30:37,760][models.visual_world_model][INFO] - proprio_dim: 10, after repeat: 10
[2026-07-03 00:30:37,760][models.visual_world_model][INFO] - action_dim: 10, after repeat: 10
[2026-07-03 00:30:37,760][models.visual_world_model][INFO] - emb_dim: 28
[2026-07-03 00:30:37,761][models.visual_world_model][INFO] - Straightening disabled
[2026-07-03 00:30:37,761][models.visual_world_model][INFO] - Speed constancy disabled
[2026-07-03 00:30:37,761][models.visual_world_model][INFO] - Stop-grad enabled: True
[2026-07-03 00:30:37,762][models.visual_world_model][INFO] - VCReg enabled: False, apply_to=enc, std_coeff=0.0, cov_coeff=0.0
[2026-07-03 00:30:37,762][models.visual_world_model][INFO] - Model emb_dim: 28
[timing] setup_model_s=2.349
eval_seed:  [1, 101, 201, 301, 401, 501, 601, 701, 801, 901, 1001, 1101, 1201, 1301, 1401, 1501, 1601, 1701, 1801, 1901, 2001, 2101, 2201, 2301, 2401, 2501, 2601, 2701, 2801, 2901, 3001, 3101, 3201, 3301, 3401, 3501, 3601, 3701, 3801, 3901, 4001, 4101, 4201, 4301, 4401, 4501, 4601, 4701, 4801, 4901]
Dumped plan targets to /__modal/volumes/vo-0WevHLDp8lzpYcSwfuwmkq/runs/medium-adapter-cos-20260702-01/plans/dino_channel_cos_straightened/plan_targets.pkl
[timing] setup_workspace_s=9.402

  0%|          | 0/1000 [00:00<?, ?it/s]
  0%|          | 1/1000 [00:00<11:32,  1.44it/s]
  0%|          | 2/1000 [00:01<08:38,  1.92it/s]
  0%|          | 3/1000 [00:01<07:43,  2.15it/s]
  0%|          | 4/1000 [00:01<07:16,  2.28it/s]
  0%|          | 5/1000 [00:02<07:01,  2.36it/s]
  1%|          | 6/1000 [00:02<06:52,  2.41it/s]
  1%|          | 7/1000 [00:03<06:46,  2.44it/s]
  1%|          | 8/1000 [00:03<06:42,  2.47it/s]
  1%|          | 9/1000 [00:03<06:39,  2.48it/s]
  1%|          | 10/1000 [00:04<06:37,  2.49it/s]
  1%|          | 11/1000 [00:04<06:35,  2.50it/s]
  1%|          | 12/1000 [00:05<06:34,  2.50it/s]
  1%|▏         | 13/1000 [00:05<06:33,  2.51it/s]
  1%|▏         | 14/1000 [00:05<06:32,  2.51it/s]
  2%|▏         | 15/1000 [00:06<06:32,  2.51it/s]
  2%|▏         | 16/1000 [00:06<06:31,  2.51it/s]
  2%|▏         | 17/1000 [00:07<06:30,  2.51it/s]
  2%|▏         | 18/1000 [00:07<06:30,  2.52it/s]
  2%|▏         | 19/1000 [00:07<06:30,  2.51it/s]
  2%|▏         | 20/1000 [00:08<06:29,  2.52it/s]
  2%|▏         | 21/1000 [00:08<06:29,  2.52it/s]
  2%|▏         | 22/1000 [00:09<06:28,  2.52it/s]
  2%|▏         | 23/1000 [00:09<06:28,  2.51it/s]
  2%|▏         | 24/1000 [00:09<06:28,  2.52it/s]
  2%|▎         | 25/1000 [00:10<06:27,  2.52it/s]
  3%|▎         | 26/1000 [00:10<06:27,  2.52it/s]
  3%|▎         | 27/1000 [00:11<06:26,  2.52it/s]
  3%|▎         | 28/1000 [00:11<06:26,  2.52it/s]
  3%|▎         | 29/1000 [00:11<06:25,  2.52it/s]
  3%|▎         | 30/1000 [00:12<06:25,  2.52it/s]
  3%|▎         | 31/1000 [00:12<06:24,  2.52it/s]
  3%|▎         | 32/1000 [00:13<06:24,  2.52it/s]
  3%|▎         | 33/1000 [00:13<06:24,  2.52it/s]
  3%|▎         | 34/1000 [00:13<06:24,  2.52it/s]
  4%|▎         | 35/1000 [00:14<06:23,  2.51it/s]
  4%|▎         | 36/1000 [00:14<06:23,  2.52it/s]
  4%|▎         | 37/1000 [00:15<06:22,  2.52it/s]
  4%|▍         | 38/1000 [00:15<06:22,  2.52it/s]
  4%|▍         | 39/1000 [00:15<06:21,  2.52it/s]
  4%|▍         | 40/1000 [00:16<06:21,  2.52it/s]
  4%|▍         | 41/1000 [00:16<06:20,  2.52it/s]
  4%|▍         | 42/1000 [00:16<06:20,  2.52it/s]
  4%|▍         | 43/1000 [00:17<06:20,  2.52it/s]
  4%|▍         | 44/1000 [00:17<06:19,  2.52it/s]
  4%|▍         | 45/1000 [00:18<06:19,  2.52it/s]
  5%|▍         | 46/1000 [00:18<06:19,  2.52it/s]
  5%|▍         | 47/1000 [00:18<06:18,  2.52it/s]
  5%|▍         | 48/1000 [00:19<06:18,  2.52it/s]
  5%|▍         | 49/1000 [00:19<06:18,  2.52it/s]
  5%|▌         | 50/1000 [00:20<06:17,  2.52it/s]
  5%|▌         | 51/1000 [00:20<06:17,  2.52it/s]
  5%|▌         | 52/1000 [00:20<06:16,  2.52it/s]
  5%|▌         | 53/1000 [00:21<06:16,  2.52it/s]
  5%|▌         | 54/1000 [00:21<06:15,  2.52it/s]
  6%|▌         | 55/1000 [00:22<06:15,  2.52it/s]
  6%|▌         | 56/1000 [00:22<06:15,  2.52it/s]
  6%|▌         | 57/1000 [00:22<06:14,  2.52it/s]
  6%|▌         | 58/1000 [00:23<06:14,  2.52it/s]
  6%|▌         | 59/1000 [00:23<06:13,  2.52it/s]
  6%|▌         | 60/1000 [00:24<06:13,  2.52it/s]
  6%|▌         | 61/1000 [00:24<06:13,  2.52it/s]
  6%|▌         | 62/1000 [00:24<06:13,  2.51it/s]
  6%|▋         | 63/1000 [00:25<06:12,  2.51it/s]
  6%|▋         | 64/1000 [00:25<06:12,  2.51it/s]
  6%|▋         | 65/1000 [00:26<06:12,  2.51it/s]
  7%|▋         | 66/1000 [00:26<06:11,  2.51it/s]
  7%|▋         | 67/1000 [00:26<06:11,  2.51it/s]
  7%|▋         | 68/1000 [00:27<06:11,  2.51it/s]
  7%|▋         | 69/1000 [00:27<06:10,  2.51it/s]
  7%|▋         | 70/1000 [00:28<06:10,  2.51it/s]
  7%|▋         | 71/1000 [00:28<06:10,  2.51it/s]
  7%|▋         | 72/1000 [00:28<06:09,  2.51it/s]
  7%|▋         | 73/1000 [00:29<06:09,  2.51it/s]
  7%|▋         | 74/1000 [00:29<06:08,  2.51it/s]
  8%|▊         | 75/1000 [00:30<06:08,  2.51it/s]
  8%|▊         | 76/1000 [00:30<06:08,  2.51it/s]
  8%|▊         | 77/1000 [00:30<06:07,  2.51it/s]
  8%|▊         | 78/1000 [00:31<06:07,  2.51it/s]
  8%|▊         | 79/1000 [00:31<06:06,  2.51it/s]
  8%|▊         | 80/1000 [00:32<06:06,  2.51it/s]
  8%|▊         | 81/1000 [00:32<06:06,  2.51it/s]
  8%|▊         | 82/1000 [00:32<06:05,  2.51it/s]
  8%|▊         | 83/1000 [00:33<06:05,  2.51it/s]
  8%|▊         | 84/1000 [00:33<06:04,  2.51it/s]
  8%|▊         | 85/1000 [00:34<06:04,  2.51it/s]
  9%|▊         | 86/1000 [00:34<06:03,  2.51it/s]
  9%|▊         | 87/1000 [00:34<06:03,  2.51it/s]
  9%|▉         | 88/1000 [00:35<06:03,  2.51it/s]
  9%|▉         | 89/1000 [00:35<06:02,  2.51it/s]
  9%|▉         | 90/1000 [00:36<06:02,  2.51it/s]
  9%|▉         | 91/1000 [00:36<06:02,  2.51it/s]
  9%|▉         | 92/1000 [00:36<06:01,  2.51it/s]
  9%|▉         | 93/1000 [00:37<06:01,  2.51it/s]
  9%|▉         | 94/1000 [00:37<06:00,  2.51it/s]
 10%|▉         | 95/1000 [00:38<06:00,  2.51it/s]
 10%|▉         | 96/1000 [00:38<05:59,  2.51it/s]
 10%|▉         | 97/1000 [00:38<05:59,  2.51it/s]
 10%|▉         | 98/1000 [00:39<05:59,  2.51it/s]
 10%|▉         | 99/1000 [00:39<05:58,  2.51it/s]
 10%|█         | 100/1000 [00:40<05:58,  2.51it/s]
 10%|█         | 101/1000 [00:40<05:58,  2.51it/s]
 10%|█         | 102/1000 [00:40<05:57,  2.51it/s]
 10%|█         | 103/1000 [00:41<05:57,  2.51it/s]
 10%|█         | 104/1000 [00:41<05:56,  2.51it/s]
 10%|█         | 105/1000 [00:42<05:56,  2.51it/s]
 11%|█         | 106/1000 [00:42<05:56,  2.51it/s]
 11%|█         | 107/1000 [00:42<05:55,  2.51it/s]
 11%|█         | 108/1000 [00:43<05:55,  2.51it/s]
 11%|█         | 109/1000 [00:43<05:54,  2.51it/s]
 11%|█         | 110/1000 [00:44<05:54,  2.51it/s]
 11%|█         | 111/1000 [00:44<05:54,  2.51it/s]
 11%|█         | 112/1000 [00:44<05:53,  2.51it/s]
 11%|█▏        | 113/1000 [00:45<05:53,  2.51it/s]
 11%|█▏        | 114/1000 [00:45<05:52,  2.51it/s]
 12%|█▏        | 115/1000 [00:46<05:52,  2.51it/s]
 12%|█▏        | 116/1000 [00:46<05:52,  2.51it/s]
 12%|█▏        | 117/1000 [00:46<05:51,  2.51it/s]
 12%|█▏        | 118/1000 [00:47<05:51,  2.51it/s]
 12%|█▏        | 119/1000 [00:47<05:50,  2.51it/s]
 12%|█▏        | 120/1000 [00:48<05:50,  2.51it/s]
 12%|█▏        | 121/1000 [00:48<05:50,  2.51it/s]
 12%|█▏        | 122/1000 [00:48<05:49,  2.51it/s]
 12%|█▏        | 123/1000 [00:49<05:49,  2.51it/s]
 12%|█▏        | 124/1000 [00:49<05:48,  2.51it/s]
 12%|█▎        | 125/1000 [00:50<05:48,  2.51it/s]
 13%|█▎        | 126/1000 [00:50<05:48,  2.51it/s]
 13%|█▎        | 127/1000 [00:50<05:47,  2.51it/s]
 13%|█▎        | 128/1000 [00:51<05:47,  2.51it/s]
 13%|█▎        | 129/1000 [00:51<05:46,  2.51it/s]
 13%|█▎        | 130/1000 [00:52<05:46,  2.51it/s]
 13%|█▎        | 131/1000 [00:52<05:46,  2.51it/s]
 13%|█▎        | 132/1000 [00:52<05:45,  2.51it/s]
 13%|█▎        | 133/1000 [00:53<05:45,  2.51it/s]
 13%|█▎        | 134/1000 [00:53<05:44,  2.51it/s]
 14%|█▎        | 135/1000 [00:54<05:44,  2.51it/s]
 14%|█▎        | 136/1000 [00:54<05:44,  2.51it/s]
 14%|█▎        | 137/1000 [00:54<05:43,  2.51it/s]
 14%|█▍        | 138/1000 [00:55<05:43,  2.51it/s]
 14%|█▍        | 139/1000 [00:55<05:42,  2.51it/s]
 14%|█▍        | 140/1000 [00:56<05:42,  2.51it/s]
 14%|█▍        | 141/1000 [00:56<05:42,  2.51it/s]
 14%|█▍        | 142/1000 [00:56<05:41,  2.51it/s]
 14%|█▍        | 143/1000 [00:57<05:41,  2.51it/s]
 14%|█▍        | 144/1000 [00:57<05:40,  2.51it/s]
 14%|█▍        | 145/1000 [00:57<05:40,  2.51it/s]
 15%|█▍        | 146/1000 [00:58<05:40,  2.51it/s]
 15%|█▍        | 147/1000 [00:58<05:39,  2.51it/s]
 15%|█▍        | 148/1000 [00:59<05:39,  2.51it/s]
 15%|█▍        | 149/1000 [00:59<05:39,  2.51it/s]
 15%|█▌        | 150/1000 [00:59<05:38,  2.51it/s]
 15%|█▌        | 151/1000 [01:00<05:38,  2.51it/s]
 15%|█▌        | 152/1000 [01:00<05:37,  2.51it/s]
 15%|█▌        | 153/1000 [01:01<05:37,  2.51it/s]
 15%|█▌        | 154/1000 [01:01<05:36,  2.51it/s]
 16%|█▌        | 155/1000 [01:01<05:36,  2.51it/s]
 16%|█▌        | 156/1000 [01:02<05:36,  2.51it/s]
 16%|█▌        | 157/1000 [01:02<05:35,  2.51it/s]
 16%|█▌        | 158/1000 [01:03<05:35,  2.51it/s]
 16%|█▌        | 159/1000 [01:03<05:34,  2.51it/s]
 16%|█▌        | 160/1000 [01:03<05:34,  2.51it/s]
 16%|█▌        | 161/1000 [01:04<05:34,  2.51it/s]
 16%|█▌        | 162/1000 [01:04<05:33,  2.51it/s]
 16%|█▋        | 163/1000 [01:05<05:33,  2.51it/s]
 16%|█▋        | 164/1000 [01:05<05:32,  2.51it/s]
 16%|█▋        | 165/1000 [01:05<05:32,  2.51it/s]
 17%|█▋        | 166/1000 [01:06<05:32,  2.51it/s]
 17%|█▋        | 167/1000 [01:06<05:31,  2.51it/s]
 17%|█▋        | 168/1000 [01:07<05:31,  2.51it/s]
 17%|█▋        | 169/1000 [01:07<05:30,  2.51it/s]
 17%|█▋        | 170/1000 [01:07<05:30,  2.51it/s]
 17%|█▋        | 171/1000 [01:08<05:30,  2.51it/s]
 17%|█▋        | 172/1000 [01:08<05:29,  2.51it/s]
 17%|█▋        | 173/1000 [01:09<05:29,  2.51it/s]
 17%|█▋        | 174/1000 [01:09<05:28,  2.51it/s]
 18%|█▊        | 175/1000 [01:09<05:28,  2.51it/s]
 18%|█▊        | 176/1000 [01:10<05:28,  2.51it/s]
 18%|█▊        | 177/1000 [01:10<05:27,  2.51it/s]
 18%|█▊        | 178/1000 [01:11<05:27,  2.51it/s]
 18%|█▊        | 179/1000 [01:11<05:26,  2.51it/s]
 18%|█▊        | 180/1000 [01:11<05:26,  2.51it/s]
 18%|█▊        | 181/1000 [01:12<05:26,  2.51it/s]
 18%|█▊        | 182/1000 [01:12<05:25,  2.51it/s]
 18%|█▊        | 183/1000 [01:13<05:25,  2.51it/s]
 18%|█▊        | 184/1000 [01:13<05:24,  2.51it/s]
 18%|█▊        | 185/1000 [01:13<05:24,  2.51it/s]
 19%|█▊        | 186/1000 [01:14<05:24,  2.51it/s]
 19%|█▊        | 187/1000 [01:14<05:23,  2.51it/s]
 19%|█▉        | 188/1000 [01:15<05:23,  2.51it/s]
 19%|█▉        | 189/1000 [01:15<05:23,  2.51it/s]
 19%|█▉        | 190/1000 [01:15<05:22,  2.51it/s]
 19%|█▉        | 191/1000 [01:16<05:22,  2.51it/s]
 19%|█▉        | 192/1000 [01:16<05:21,  2.51it/s]
 19%|█▉        | 193/1000 [01:17<05:21,  2.51it/s]
 19%|█▉        | 194/1000 [01:17<05:21,  2.51it/s]
 20%|█▉        | 195/1000 [01:17<05:20,  2.51it/s]
 20%|█▉        | 196/1000 [01:18<05:20,  2.51it/s]
 20%|█▉        | 197/1000 [01:18<05:19,  2.51it/s]
 20%|█▉        | 198/1000 [01:19<05:19,  2.51it/s]
 20%|█▉        | 199/1000 [01:19<05:19,  2.51it/s]
 20%|██        | 200/1000 [01:19<05:18,  2.51it/s]
 20%|██        | 201/1000 [01:20<05:18,  2.51it/s]
 20%|██        | 202/1000 [01:20<05:17,  2.51it/s]
 20%|██        | 203/1000 [01:21<05:17,  2.51it/s]
 20%|██        | 204/1000 [01:21<05:17,  2.51it/s]
 20%|██        | 205/1000 [01:21<05:16,  2.51it/s]
 21%|██        | 206/1000 [01:22<05:16,  2.51it/s]
 21%|██        | 207/1000 [01:22<05:15,  2.51it/s]
 21%|██        | 208/1000 [01:23<05:15,  2.51it/s]
 21%|██        | 209/1000 [01:23<05:15,  2.51it/s]
 21%|██        | 210/1000 [01:23<05:14,  2.51it/s]
 21%|██        | 211/1000 [01:24<05:14,  2.51it/s]
 21%|██        | 212/1000 [01:24<05:13,  2.51it/s]
 21%|██▏       | 213/1000 [01:25<05:13,  2.51it/s]
 21%|██▏       | 214/1000 [01:25<05:13,  2.51it/s]
 22%|██▏       | 215/1000 [01:25<05:12,  2.51it/s]
 22%|██▏       | 216/1000 [01:26<05:12,  2.51it/s]
 22%|██▏       | 217/1000 [01:26<05:11,  2.51it/s]
 22%|██▏       | 218/1000 [01:27<05:11,  2.51it/s]
 22%|██▏       | 219/1000 [01:27<05:10,  2.51it/s]
 22%|██▏       | 220/1000 [01:27<05:10,  2.51it/s]
 22%|██▏       | 221/1000 [01:28<05:10,  2.51it/s]
 22%|██▏       | 222/1000 [01:28<05:09,  2.51it/s]
 22%|██▏       | 223/1000 [01:29<05:09,  2.51it/s]
 22%|██▏       | 224/1000 [01:29<05:09,  2.51it/s]
 22%|██▎       | 225/1000 [01:29<05:08,  2.51it/s]
 23%|██▎       | 226/1000 [01:30<05:08,  2.51it/s]
 23%|██▎       | 227/1000 [01:30<05:07,  2.51it/s]
 23%|██▎       | 228/1000 [01:31<05:07,  2.51it/s]
 23%|██▎       | 229/1000 [01:31<05:07,  2.51it/s]
 23%|██▎       | 230/1000 [01:31<05:06,  2.51it/s]
 23%|██▎       | 231/1000 [01:32<05:06,  2.51it/s]
 23%|██▎       | 232/1000 [01:32<05:05,  2.51it/s]
 23%|██▎       | 233/1000 [01:33<05:05,  2.51it/s]
 23%|██▎       | 234/1000 [01:33<05:05,  2.51it/s]
 24%|██▎       | 235/1000 [01:33<05:04,  2.51it/s]
 24%|██▎       | 236/1000 [01:34<05:04,  2.51it/s]
 24%|██▎       | 237/1000 [01:34<05:03,  2.51it/s]
 24%|██▍       | 238/1000 [01:35<05:03,  2.51it/s]
 24%|██▍       | 239/1000 [01:35<05:02,  2.51it/s]
 24%|██▍       | 240/1000 [01:35<05:02,  2.52it/s]
 24%|██▍       | 241/1000 [01:36<05:01,  2.52it/s]
 24%|██▍       | 242/1000 [01:36<05:01,  2.52it/s]
 24%|██▍       | 243/1000 [01:37<05:00,  2.52it/s]
 24%|██▍       | 244/1000 [01:37<05:00,  2.52it/s]
 24%|██▍       | 245/1000 [01:37<05:00,  2.52it/s]
 25%|██▍       | 246/1000 [01:38<04:59,  2.52it/s]
 25%|██▍       | 247/1000 [01:38<04:59,  2.52it/s]
 25%|██▍       | 248/1000 [01:39<04:58,  2.52it/s]
 25%|██▍       | 249/1000 [01:39<04:58,  2.52it/s]
 25%|██▌       | 250/1000 [01:39<04:57,  2.52it/s]
 25%|██▌       | 251/1000 [01:40<04:57,  2.52it/s]
 25%|██▌       | 252/1000 [01:40<04:57,  2.52it/s]
 25%|██▌       | 253/1000 [01:40<04:56,  2.52it/s]
 25%|██▌       | 254/1000 [01:41<04:56,  2.52it/s]
 26%|██▌       | 255/1000 [01:41<04:55,  2.52it/s]
 26%|██▌       | 256/1000 [01:42<04:55,  2.52it/s]
 26%|██▌       | 257/1000 [01:42<04:55,  2.52it/s]
 26%|██▌       | 258/1000 [01:42<04:54,  2.52it/s]
 26%|██▌       | 259/1000 [01:43<04:54,  2.52it/s]
 26%|██▌       | 260/1000 [01:43<04:54,  2.52it/s]
 26%|██▌       | 261/1000 [01:44<04:53,  2.52it/s]
 26%|██▌       | 262/1000 [01:44<04:53,  2.52it/s]
 26%|██▋       | 263/1000 [01:44<04:53,  2.51it/s]
 26%|██▋       | 264/1000 [01:45<04:52,  2.52it/s]
 26%|██▋       | 265/1000 [01:45<04:52,  2.52it/s]
 27%|██▋       | 266/1000 [01:46<04:51,  2.52it/s]
 27%|██▋       | 267/1000 [01:46<04:51,  2.52it/s]
 27%|██▋       | 268/1000 [01:46<04:50,  2.52it/s]
 27%|██▋       | 269/1000 [01:47<04:50,  2.52it/s]
 27%|██▋       | 270/1000 [01:47<04:50,  2.52it/s]
 27%|██▋       | 271/1000 [01:48<04:49,  2.52it/s]
 27%|██▋       | 272/1000 [01:48<04:49,  2.52it/s]
 27%|██▋       | 273/1000 [01:48<04:48,  2.52it/s]
 27%|██▋       | 274/1000 [01:49<04:48,  2.52it/s]
 28%|██▊       | 275/1000 [01:49<04:47,  2.52it/s]
 28%|██▊       | 276/1000 [01:50<04:47,  2.52it/s]
 28%|██▊       | 277/1000 [01:50<04:47,  2.52it/s]
 28%|██▊       | 278/1000 [01:50<04:46,  2.52it/s]
 28%|██▊       | 279/1000 [01:51<04:46,  2.52it/s]
 28%|██▊       | 280/1000 [01:51<04:46,  2.52it/s]
 28%|██▊       | 281/1000 [01:52<04:45,  2.52it/s]
 28%|██▊       | 282/1000 [01:52<04:45,  2.52it/s]
 28%|██▊       | 283/1000 [01:52<04:45,  2.52it/s]
 28%|██▊       | 284/1000 [01:53<04:44,  2.52it/s]
 28%|██▊       | 285/1000 [01:53<04:44,  2.52it/s]
 29%|██▊       | 286/1000 [01:54<04:43,  2.51it/s]
 29%|██▊       | 287/1000 [01:54<04:43,  2.51it/s]
 29%|██▉       | 288/1000 [01:54<04:43,  2.52it/s]
 29%|██▉       | 289/1000 [01:55<04:42,  2.51it/s]
 29%|██▉       | 290/1000 [01:55<04:42,  2.51it/s]
 29%|██▉       | 291/1000 [01:56<04:41,  2.51it/s]
 29%|██▉       | 292/1000 [01:56<04:41,  2.51it/s]
 29%|██▉       | 293/1000 [01:56<04:41,  2.51it/s]
 29%|██▉       | 294/1000 [01:57<04:40,  2.52it/s]
 30%|██▉       | 295/1000 [01:57<04:40,  2.51it/s]
 30%|██▉       | 296/1000 [01:58<04:39,  2.51it/s]
 30%|██▉       | 297/1000 [01:58<04:39,  2.52it/s]
 30%|██▉       | 298/1000 [01:58<04:39,  2.52it/s]
 30%|██▉       | 299/1000 [01:59<04:38,  2.52it/s]
 30%|███       | 300/1000 [01:59<04:38,  2.52it/s]
 30%|███       | 301/1000 [02:00<04:37,  2.52it/s]
 30%|███       | 302/1000 [02:00<04:37,  2.52it/s]
 30%|███       | 303/1000 [02:00<04:36,  2.52it/s]
 30%|███       | 304/1000 [02:01<04:36,  2.52it/s]
 30%|███       | 305/1000 [02:01<04:36,  2.52it/s]
 31%|███       | 306/1000 [02:02<04:35,  2.52it/s]
 31%|███       | 307/1000 [02:02<04:35,  2.52it/s]
 31%|███       | 308/1000 [02:02<04:35,  2.52it/s]
 31%|███       | 309/1000 [02:03<04:34,  2.52it/s]
 31%|███       | 310/1000 [02:03<04:34,  2.52it/s]
 31%|███       | 311/1000 [02:04<04:33,  2.52it/s]
 31%|███       | 312/1000 [02:04<04:33,  2.52it/s]
 31%|███▏      | 313/1000 [02:04<04:33,  2.52it/s]
 31%|███▏      | 314/1000 [02:05<04:32,  2.51it/s]
 32%|███▏      | 315/1000 [02:05<04:32,  2.51it/s]
 32%|███▏      | 316/1000 [02:06<04:32,  2.51it/s]
 32%|███▏      | 317/1000 [02:06<04:31,  2.51it/s]
 32%|███▏      | 318/1000 [02:06<04:31,  2.51it/s]
 32%|███▏      | 319/1000 [02:07<04:30,  2.52it/s]
 32%|███▏      | 320/1000 [02:07<04:30,  2.52it/s]
 32%|███▏      | 321/1000 [02:08<04:30,  2.51it/s]
 32%|███▏      | 322/1000 [02:08<04:29,  2.51it/s]
 32%|███▏      | 323/1000 [02:08<04:29,  2.51it/s]
 32%|███▏      | 324/1000 [02:09<04:28,  2.52it/s]
 32%|███▎      | 325/1000 [02:09<04:28,  2.52it/s]
 33%|███▎      | 326/1000 [02:10<04:28,  2.51it/s]
 33%|███▎      | 327/1000 [02:10<04:27,  2.51it/s]
 33%|███▎      | 328/1000 [02:10<04:27,  2.51it/s]
 33%|███▎      | 329/1000 [02:11<04:26,  2.51it/s]
 33%|███▎      | 330/1000 [02:11<04:26,  2.51it/s]
 33%|███▎      | 331/1000 [02:12<04:26,  2.51it/s]
 33%|███▎      | 332/1000 [02:12<04:25,  2.51it/s]
 33%|███▎      | 333/1000 [02:12<04:25,  2.51it/s]
 33%|███▎      | 334/1000 [02:13<04:25,  2.51it/s]
 34%|███▎      | 335/1000 [02:13<04:24,  2.51it/s]
 34%|███▎      | 336/1000 [02:13<04:24,  2.51it/s]
 34%|███▎      | 337/1000 [02:14<04:23,  2.51it/s]
 34%|███▍      | 338/1000 [02:14<04:23,  2.51it/s]
 34%|███▍      | 339/1000 [02:15<04:23,  2.51it/s]
 34%|███▍      | 340/1000 [02:15<04:22,  2.51it/s]
 34%|███▍      | 341/1000 [02:15<04:22,  2.51it/s]
 34%|███▍      | 342/1000 [02:16<04:21,  2.51it/s]
 34%|███▍      | 343/1000 [02:16<04:21,  2.51it/s]
 34%|███▍      | 344/1000 [02:17<04:21,  2.51it/s]
 34%|███▍      | 345/1000 [02:17<04:20,  2.51it/s]
 35%|███▍      | 346/1000 [02:17<04:20,  2.51it/s]
 35%|███▍      | 347/1000 [02:18<04:19,  2.51it/s]
 35%|███▍      | 348/1000 [02:18<04:19,  2.51it/s]
 35%|███▍      | 349/1000 [02:19<04:19,  2.51it/s]
 35%|███▌      | 350/1000 [02:19<04:18,  2.51it/s]
 35%|███▌      | 351/1000 [02:19<04:18,  2.51it/s]
 35%|███▌      | 352/1000 [02:20<04:17,  2.51it/s]
 35%|███▌      | 353/1000 [02:20<04:17,  2.51it/s]
 35%|███▌      | 354/1000 [02:21<04:17,  2.51it/s]
 36%|███▌      | 355/1000 [02:21<04:16,  2.52it/s]
 36%|███▌      | 356/1000 [02:21<04:16,  2.52it/s]
 36%|███▌      | 357/1000 [02:22<04:15,  2.52it/s]
 36%|███▌      | 358/1000 [02:22<04:15,  2.51it/s]
 36%|███▌      | 359/1000 [02:23<04:14,  2.52it/s]
 36%|███▌      | 360/1000 [02:23<04:14,  2.52it/s]
 36%|███▌      | 361/1000 [02:23<04:13,  2.52it/s]
 36%|███▌      | 362/1000 [02:24<04:13,  2.52it/s]
 36%|███▋      | 363/1000 [02:24<04:13,  2.52it/s]
 36%|███▋      | 364/1000 [02:25<04:12,  2.52it/s]
 36%|███▋      | 365/1000 [02:25<04:12,  2.52it/s]
 37%|███▋      | 366/1000 [02:25<04:11,  2.52it/s]
 37%|███▋      | 367/1000 [02:26<04:11,  2.52it/s]
 37%|███▋      | 368/1000 [02:26<04:11,  2.52it/s]
 37%|███▋      | 369/1000 [02:27<04:10,  2.52it/s]
 37%|███▋      | 370/1000 [02:27<04:10,  2.52it/s]
 37%|███▋      | 371/1000 [02:27<04:09,  2.52it/s]
 37%|███▋      | 372/1000 [02:28<04:09,  2.52it/s]
 37%|███▋      | 373/1000 [02:28<04:09,  2.52it/s]
 37%|███▋      | 374/1000 [02:29<04:08,  2.52it/s]
 38%|███▊      | 375/1000 [02:29<04:08,  2.52it/s]
 38%|███▊      | 376/1000 [02:29<04:07,  2.52it/s]
 38%|███▊      | 377/1000 [02:30<04:07,  2.52it/s]
 38%|███▊      | 378/1000 [02:30<04:07,  2.52it/s]
 38%|███▊      | 379/1000 [02:31<04:06,  2.52it/s]
 38%|███▊      | 380/1000 [02:31<04:06,  2.52it/s]
 38%|███▊      | 381/1000 [02:31<04:05,  2.52it/s]
 38%|███▊      | 382/1000 [02:32<04:05,  2.52it/s]
 38%|███▊      | 383/1000 [02:32<04:05,  2.52it/s]
 38%|███▊      | 384/1000 [02:33<04:04,  2.52it/s]
 38%|███▊      | 385/1000 [02:33<04:04,  2.52it/s]
 39%|███▊      | 386/1000 [02:33<04:03,  2.52it/s]
 39%|███▊      | 387/1000 [02:34<04:03,  2.52it/s]
 39%|███▉      | 388/1000 [02:34<04:03,  2.52it/s]
 39%|███▉      | 389/1000 [02:35<04:02,  2.52it/s]
 39%|███▉      | 390/1000 [02:35<04:02,  2.52it/s]
 39%|███▉      | 391/1000 [02:35<04:02,  2.52it/s]
 39%|███▉      | 392/1000 [02:36<04:01,  2.52it/s]
 39%|███▉      | 393/1000 [02:36<04:01,  2.52it/s]
 39%|███▉      | 394/1000 [02:37<04:00,  2.52it/s]
 40%|███▉      | 395/1000 [02:37<04:00,  2.52it/s]
 40%|███▉      | 396/1000 [02:37<03:59,  2.52it/s]
 40%|███▉      | 397/1000 [02:38<03:59,  2.52it/s]
 40%|███▉      | 398/1000 [02:38<03:59,  2.52it/s]
 40%|███▉      | 399/1000 [02:39<03:58,  2.52it/s]
 40%|████      | 400/1000 [02:39<03:58,  2.52it/s]
 40%|████      | 401/1000 [02:39<03:58,  2.52it/s]
 40%|████      | 402/1000 [02:40<03:57,  2.52it/s]
 40%|████      | 403/1000 [02:40<03:57,  2.52it/s]
 40%|████      | 404/1000 [02:41<03:56,  2.52it/s]
 40%|████      | 405/1000 [02:41<03:56,  2.52it/s]
 41%|████      | 406/1000 [02:41<03:56,  2.52it/s]
 41%|████      | 407/1000 [02:42<03:55,  2.52it/s]
 41%|████      | 408/1000 [02:42<03:55,  2.52it/s]
 41%|████      | 409/1000 [02:43<03:54,  2.52it/s]
 41%|████      | 410/1000 [02:43<03:54,  2.52it/s]
 41%|████      | 411/1000 [02:43<03:54,  2.52it/s]
 41%|████      | 412/1000 [02:44<03:53,  2.52it/s]
 41%|████▏     | 413/1000 [02:44<03:53,  2.52it/s]
 41%|████▏     | 414/1000 [02:44<03:52,  2.52it/s]
 42%|████▏     | 415/1000 [02:45<03:52,  2.52it/s]
 42%|████▏     | 416/1000 [02:45<03:52,  2.52it/s]
 42%|████▏     | 417/1000 [02:46<03:51,  2.52it/s]
 42%|████▏     | 418/1000 [02:46<03:51,  2.52it/s]
 42%|████▏     | 419/1000 [02:46<03:50,  2.52it/s]
 42%|████▏     | 420/1000 [02:47<03:50,  2.52it/s]
 42%|████▏     | 421/1000 [02:47<03:50,  2.52it/s]
 42%|████▏     | 422/1000 [02:48<03:49,  2.52it/s]
 42%|████▏     | 423/1000 [02:48<03:49,  2.52it/s]
 42%|████▏     | 424/1000 [02:48<03:48,  2.52it/s]
 42%|████▎     | 425/1000 [02:49<03:48,  2.52it/s]
 43%|████▎     | 426/1000 [02:49<03:48,  2.52it/s]
 43%|████▎     | 427/1000 [02:50<03:47,  2.52it/s]
 43%|████▎     | 428/1000 [02:50<03:47,  2.52it/s]
 43%|████▎     | 429/1000 [02:50<03:46,  2.52it/s]
 43%|████▎     | 430/1000 [02:51<03:46,  2.52it/s]
 43%|████▎     | 431/1000 [02:51<03:46,  2.52it/s]
 43%|████▎     | 432/1000 [02:52<03:45,  2.52it/s]
 43%|████▎     | 433/1000 [02:52<03:45,  2.52it/s]
 43%|████▎     | 434/1000 [02:52<03:44,  2.52it/s]
 44%|████▎     | 435/1000 [02:53<03:44,  2.52it/s]
 44%|████▎     | 436/1000 [02:53<03:44,  2.52it/s]
 44%|████▎     | 437/1000 [02:54<03:43,  2.52it/s]
 44%|████▍     | 438/1000 [02:54<03:43,  2.52it/s]
 44%|████▍     | 439/1000 [02:54<03:43,  2.52it/s]
 44%|████▍     | 440/1000 [02:55<03:42,  2.52it/s]
 44%|████▍     | 441/1000 [02:55<03:42,  2.52it/s]
 44%|████▍     | 442/1000 [02:56<03:41,  2.52it/s]
 44%|████▍     | 443/1000 [02:56<03:41,  2.52it/s]
 44%|████▍     | 444/1000 [02:56<03:40,  2.52it/s]
 44%|████▍     | 445/1000 [02:57<03:40,  2.52it/s]
 45%|████▍     | 446/1000 [02:57<03:40,  2.52it/s]
 45%|████▍     | 447/1000 [02:58<03:39,  2.52it/s]
 45%|████▍     | 448/1000 [02:58<03:39,  2.52it/s]
 45%|████▍     | 449/1000 [02:58<03:39,  2.52it/s]
 45%|████▌     | 450/1000 [02:59<03:38,  2.52it/s]
 45%|████▌     | 451/1000 [02:59<03:38,  2.52it/s]
 45%|████▌     | 452/1000 [03:00<03:37,  2.52it/s]
 45%|████▌     | 453/1000 [03:00<03:37,  2.51it/s]
 45%|████▌     | 454/1000 [03:00<03:37,  2.52it/s]
 46%|████▌     | 455/1000 [03:01<03:36,  2.51it/s]
 46%|████▌     | 456/1000 [03:01<03:36,  2.52it/s]
 46%|████▌     | 457/1000 [03:02<03:35,  2.51it/s]
 46%|████▌     | 458/1000 [03:02<03:35,  2.51it/s]
 46%|████▌     | 459/1000 [03:02<03:35,  2.51it/s]
 46%|████▌     | 460/1000 [03:03<03:34,  2.51it/s]
 46%|████▌     | 461/1000 [03:03<03:34,  2.51it/s]
 46%|████▌     | 462/1000 [03:04<03:33,  2.52it/s]
 46%|████▋     | 463/1000 [03:04<03:33,  2.51it/s]
 46%|████▋     | 464/1000 [03:04<03:33,  2.52it/s]
 46%|████▋     | 465/1000 [03:05<03:32,  2.52it/s]
 47%|████▋     | 466/1000 [03:05<03:32,  2.52it/s]
 47%|████▋     | 467/1000 [03:06<03:31,  2.52it/s]
 47%|████▋     | 468/1000 [03:06<03:31,  2.52it/s]
 47%|████▋     | 469/1000 [03:06<03:31,  2.52it/s]
 47%|████▋     | 470/1000 [03:07<03:30,  2.52it/s]
 47%|████▋     | 471/1000 [03:07<03:30,  2.52it/s]
 47%|████▋     | 472/1000 [03:08<03:29,  2.52it/s]
 47%|████▋     | 473/1000 [03:08<03:29,  2.52it/s]
 47%|████▋     | 474/1000 [03:08<03:29,  2.52it/s]
 48%|████▊     | 475/1000 [03:09<03:28,  2.52it/s]
