
$ python plan.py --config-name plan_gd.yaml ckpt_base_path=/mnt/ts/runs/medium-adapter-cos-speed-20260702-01/checkpoints/dino_channel_cos_plus_speed/test/medium_cos1e-1+speed1e-1_agg32_projchannel_dim8_hw14_sgTrue_lr1e-05 model_name=dino_channel_cos_plus_speed model_epoch=20 n_evals=50 goal_H=25 goal_source=dset objective.alpha=0 objective.mode=last planner.max_iter=1 planner.n_taken_actions=25 planner.sub_planner.horizon=25 planner.sub_planner.lr=1 planner.sub_planner.sample_type=randn planner.sub_planner.action_noise=0.003 planner.sub_planner.opt_steps=1000 planner.sub_planner.eval_every=-1 decode_for_viz=false +wandb_logging=false hydra.run.dir=/mnt/ts/runs/medium-adapter-cos-speed-20260702-01/plans/dino_channel_cos_plus_speed hydra.sweep.dir=/mnt/ts/runs/medium-adapter-cos-speed-20260702-01/plans/dino_channel_cos_plus_speed hydra.job.chdir=True
Gym has been unmaintained since 2022 and does not support NumPy 2.0 amongst other critical functionality.
Please upgrade to Gymnasium, the maintained drop-in replacement of Gym, or contact the authors of your software and request that they upgrade.
See the migration guide at https://gymnasium.farama.org/introduction/migration_guide/ for additional information.
/opt/conda/lib/python3.10/site-packages/wandb/util.py:118: SentryHubDeprecationWarning: `sentry_sdk.Hub` is deprecated and will be removed in a future major release. Please consult our 1.x to 2.x migration guide for details on how to migrate `Hub` usage to the new API: https://docs.sentry.io/platforms/python/migration/1.x-to-2.x
  sentry_hub = sentry_sdk.Hub(sentry_client)
/opt/conda/lib/python3.10/site-packages/wandb/sdk/internal/internal_api.py:30: DeprecationWarning: pkg_resources is deprecated as an API. See https://setuptools.pypa.io/en/latest/pkg_resources.html
  from pkg_resources import parse_version
/opt/conda/lib/python3.10/site-packages/pkg_resources/__init__.py:2871: DeprecationWarning: Deprecated call to `pkg_resources.declare_namespace('mpl_toolkits')`.
Implementing implicit namespace packages (as specified in PEP 420) is preferred to `pkg_resources.declare_namespace`. See https://setuptools.pypa.io/en/latest/references/keywords.html#keyword-namespace-packages
  declare_namespace(pkg)
/opt/conda/lib/python3.10/site-packages/pkg_resources/__init__.py:2871: DeprecationWarning: Deprecated call to `pkg_resources.declare_namespace('google')`.
Implementing implicit namespace packages (as specified in PEP 420) is preferred to `pkg_resources.declare_namespace`. See https://setuptools.pypa.io/en/latest/references/keywords.html#keyword-namespace-packages
  declare_namespace(pkg)
/opt/conda/lib/python3.10/site-packages/pkg_resources/__init__.py:2871: DeprecationWarning: Deprecated call to `pkg_resources.declare_namespace('ruamel')`.
Implementing implicit namespace packages (as specified in PEP 420) is preferred to `pkg_resources.declare_namespace`. See https://setuptools.pypa.io/en/latest/references/keywords.html#keyword-namespace-packages
  declare_namespace(pkg)
Compiling /opt/conda/lib/python3.10/site-packages/mujoco_py/cymj.pyx because it depends on /opt/conda/lib/python3.10/site-packages/mujoco_py/pxd/mujoco.pxd.
[1/1] Cythonizing /opt/conda/lib/python3.10/site-packages/mujoco_py/cymj.pyx
<frozen importlib._bootstrap>:283: DeprecationWarning: the load_module() method is deprecated and slated for removal in Python 3.12; use exec_module() instead
INFO:absl:MUJOCO_GL=osmesa, attempting to import specified OpenGL backend.
INFO:OpenGL.acceleratesupport:No OpenGL_accelerate module loaded: No module named 'OpenGL_accelerate'
INFO:absl:MuJoCo library version is: 3.2.7
pybullet build time: Jan 29 2025 23:16:28
/opt/conda/lib/python3.10/site-packages/gym/envs/registration.py:595: UserWarning: [33mWARN: Overriding environment maze2d-open-v0[0m
  logger.warn(f"Overriding environment {id}")
/opt/conda/lib/python3.10/site-packages/gym/envs/registration.py:595: UserWarning: [33mWARN: Overriding environment maze2d-umaze-v0[0m
  logger.warn(f"Overriding environment {id}")
/opt/conda/lib/python3.10/site-packages/gym/envs/registration.py:595: UserWarning: [33mWARN: Overriding environment maze2d-medium-v0[0m
  logger.warn(f"Overriding environment {id}")
/opt/conda/lib/python3.10/site-packages/gym/envs/registration.py:595: UserWarning: [33mWARN: Overriding environment maze2d-large-v0[0m
  logger.warn(f"Overriding environment {id}")
/opt/conda/lib/python3.10/site-packages/gym/envs/registration.py:595: UserWarning: [33mWARN: Overriding environment maze2d-umaze-v1[0m
  logger.warn(f"Overriding environment {id}")
/opt/conda/lib/python3.10/site-packages/gym/envs/registration.py:595: UserWarning: [33mWARN: Overriding environment maze2d-medium-v1[0m
  logger.warn(f"Overriding environment {id}")
/opt/conda/lib/python3.10/site-packages/gym/envs/registration.py:595: UserWarning: [33mWARN: Overriding environment maze2d-large-v1[0m
  logger.warn(f"Overriding environment {id}")
/opt/conda/lib/python3.10/site-packages/gym/envs/registration.py:595: UserWarning: [33mWARN: Overriding environment maze2d-eval-umaze-v1[0m
  logger.warn(f"Overriding environment {id}")
/opt/conda/lib/python3.10/site-packages/gym/envs/registration.py:595: UserWarning: [33mWARN: Overriding environment maze2d-eval-medium-v1[0m
  logger.warn(f"Overriding environment {id}")
/opt/conda/lib/python3.10/site-packages/gym/envs/registration.py:595: UserWarning: [33mWARN: Overriding environment maze2d-eval-large-v1[0m
  logger.warn(f"Overriding environment {id}")
/opt/conda/lib/python3.10/site-packages/gym/envs/registration.py:595: UserWarning: [33mWARN: Overriding environment maze2d-open-dense-v0[0m
  logger.warn(f"Overriding environment {id}")
/opt/conda/lib/python3.10/site-packages/gym/envs/registration.py:595: UserWarning: [33mWARN: Overriding environment maze2d-umaze-dense-v0[0m
  logger.warn(f"Overriding environment {id}")
/opt/conda/lib/python3.10/site-packages/gym/envs/registration.py:595: UserWarning: [33mWARN: Overriding environment maze2d-medium-dense-v0[0m
  logger.warn(f"Overriding environment {id}")
/opt/conda/lib/python3.10/site-packages/gym/envs/registration.py:595: UserWarning: [33mWARN: Overriding environment maze2d-large-dense-v0[0m
  logger.warn(f"Overriding environment {id}")
/opt/conda/lib/python3.10/site-packages/gym/envs/registration.py:595: UserWarning: [33mWARN: Overriding environment maze2d-umaze-dense-v1[0m
  logger.warn(f"Overriding environment {id}")
/opt/conda/lib/python3.10/site-packages/gym/envs/registration.py:595: UserWarning: [33mWARN: Overriding environment maze2d-medium-dense-v1[0m
  logger.warn(f"Overriding environment {id}")
/opt/conda/lib/python3.10/site-packages/gym/envs/registration.py:595: UserWarning: [33mWARN: Overriding environment maze2d-large-dense-v1[0m
  logger.warn(f"Overriding environment {id}")
/opt/conda/lib/python3.10/site-packages/gym/envs/registration.py:595: UserWarning: [33mWARN: Overriding environment maze2d-eval-umaze-dense-v1[0m
  logger.warn(f"Overriding environment {id}")
/opt/conda/lib/python3.10/site-packages/gym/envs/registration.py:595: UserWarning: [33mWARN: Overriding environment maze2d-eval-medium-dense-v1[0m
  logger.warn(f"Overriding environment {id}")
/opt/conda/lib/python3.10/site-packages/gym/envs/registration.py:595: UserWarning: [33mWARN: Overriding environment maze2d-eval-large-dense-v1[0m
  logger.warn(f"Overriding environment {id}")
/workspace/temporal-straightening/custom_resolvers.py:4: UserWarning: 
The version_base parameter is not specified.
Please specify a compatability version level, or None.
Will assume defaults for version 1.1
  @hydra.main(config_path=None)
[2026-07-03 00:28:15,499][__main__][INFO] - Planning result saved dir: /__modal/volumes/vo-0WevHLDp8lzpYcSwfuwmkq/runs/medium-adapter-cos-speed-20260702-01/plans/dino_channel_cos_plus_speed
Loaded 50 rollouts
[[42, 17, 30, 34, 20, 25, 0, 8, 36, 18, 28, 39, 3, 2, 41, 1, 37, 6, 14, 12, 11, 32, 43, 16, 5, 38, 31, 44, 26, 45, 15, 47, 4, 10, 21, 19, 33, 27, 13, 48, 46, 23, 22, 35, 7], [24, 49, 29, 40, 9]]
Using cache found in /mnt/ts/torch_home/hub/facebookresearch_dinov2_main
[2026-07-03 00:28:16,640][dinov2][INFO] - using MLP layer as FFN
[2026-07-03 00:28:17,015][models.dino][WARNING] - Unknown projector 'none' for patch tokens; proceeding without projector.
Resuming from epoch 20: /mnt/ts/runs/medium-adapter-cos-speed-20260702-01/checkpoints/dino_channel_cos_plus_speed/test/medium_cos1e-1+speed1e-1_agg32_projchannel_dim8_hw14_sgTrue_lr1e-05/checkpoints/model_20.pth
[2026-07-03 00:28:17,617][models.visual_world_model][INFO] - num_action_repeat: 1
[2026-07-03 00:28:17,618][models.visual_world_model][INFO] - num_proprio_repeat: 1
[2026-07-03 00:28:17,618][models.visual_world_model][INFO] - proprio encoder: ProprioceptiveEmbedding(
  (patch_embed): Conv1d(4, 10, kernel_size=(1,), stride=(1,))
  (norm): LayerNorm((10,), eps=1e-05, elementwise_affine=True)
)
[2026-07-03 00:28:17,619][models.visual_world_model][INFO] - action encoder: ProprioceptiveEmbedding(
  (patch_embed): Conv1d(10, 10, kernel_size=(1,), stride=(1,))
  (norm): LayerNorm((10,), eps=1e-05, elementwise_affine=True)
)
[2026-07-03 00:28:17,619][models.visual_world_model][INFO] - proprio_dim: 10, after repeat: 10
[2026-07-03 00:28:17,619][models.visual_world_model][INFO] - action_dim: 10, after repeat: 10
[2026-07-03 00:28:17,619][models.visual_world_model][INFO] - emb_dim: 28
[2026-07-03 00:28:17,620][models.visual_world_model][INFO] - Straightening disabled
[2026-07-03 00:28:17,620][models.visual_world_model][INFO] - Speed constancy disabled
[2026-07-03 00:28:17,620][models.visual_world_model][INFO] - Stop-grad enabled: True
[2026-07-03 00:28:17,620][models.visual_world_model][INFO] - VCReg enabled: False, apply_to=enc, std_coeff=0.0, cov_coeff=0.0
[2026-07-03 00:28:17,621][models.visual_world_model][INFO] - Model emb_dim: 28
[timing] setup_model_s=2.124
eval_seed:  [1, 101, 201, 301, 401, 501, 601, 701, 801, 901, 1001, 1101, 1201, 1301, 1401, 1501, 1601, 1701, 1801, 1901, 2001, 2101, 2201, 2301, 2401, 2501, 2601, 2701, 2801, 2901, 3001, 3101, 3201, 3301, 3401, 3501, 3601, 3701, 3801, 3901, 4001, 4101, 4201, 4301, 4401, 4501, 4601, 4701, 4801, 4901]
Dumped plan targets to /__modal/volumes/vo-0WevHLDp8lzpYcSwfuwmkq/runs/medium-adapter-cos-speed-20260702-01/plans/dino_channel_cos_plus_speed/plan_targets.pkl
[timing] setup_workspace_s=8.803

  0%|          | 0/1000 [00:00<?, ?it/s]
  0%|          | 1/1000 [00:00<11:38,  1.43it/s]
  0%|          | 2/1000 [00:01<08:42,  1.91it/s]
  0%|          | 3/1000 [00:01<07:45,  2.14it/s]
  0%|          | 4/1000 [00:01<07:19,  2.27it/s]
  0%|          | 5/1000 [00:02<07:04,  2.34it/s]
  1%|          | 6/1000 [00:02<06:55,  2.39it/s]
  1%|          | 7/1000 [00:03<06:49,  2.43it/s]
  1%|          | 8/1000 [00:03<06:45,  2.45it/s]
  1%|          | 9/1000 [00:03<06:42,  2.46it/s]
  1%|          | 10/1000 [00:04<06:40,  2.47it/s]
  1%|          | 11/1000 [00:04<06:38,  2.48it/s]
  1%|          | 12/1000 [00:05<06:37,  2.48it/s]
  1%|▏         | 13/1000 [00:05<06:36,  2.49it/s]
  1%|▏         | 14/1000 [00:05<06:35,  2.49it/s]
  2%|▏         | 15/1000 [00:06<06:35,  2.49it/s]
  2%|▏         | 16/1000 [00:06<06:34,  2.49it/s]
  2%|▏         | 17/1000 [00:07<06:34,  2.49it/s]
  2%|▏         | 18/1000 [00:07<06:33,  2.50it/s]
  2%|▏         | 19/1000 [00:07<06:33,  2.50it/s]
  2%|▏         | 20/1000 [00:08<06:32,  2.50it/s]
  2%|▏         | 21/1000 [00:08<06:32,  2.50it/s]
  2%|▏         | 22/1000 [00:09<06:31,  2.50it/s]
  2%|▏         | 23/1000 [00:09<06:31,  2.50it/s]
  2%|▏         | 24/1000 [00:09<06:30,  2.50it/s]
  2%|▎         | 25/1000 [00:10<06:30,  2.50it/s]
  3%|▎         | 26/1000 [00:10<06:29,  2.50it/s]
  3%|▎         | 27/1000 [00:11<06:29,  2.50it/s]
  3%|▎         | 28/1000 [00:11<06:28,  2.50it/s]
  3%|▎         | 29/1000 [00:11<06:27,  2.50it/s]
  3%|▎         | 30/1000 [00:12<06:27,  2.50it/s]
  3%|▎         | 31/1000 [00:12<06:26,  2.51it/s]
  3%|▎         | 32/1000 [00:13<06:26,  2.51it/s]
  3%|▎         | 33/1000 [00:13<06:25,  2.51it/s]
  3%|▎         | 34/1000 [00:13<06:25,  2.51it/s]
  4%|▎         | 35/1000 [00:14<06:24,  2.51it/s]
  4%|▎         | 36/1000 [00:14<06:24,  2.51it/s]
  4%|▎         | 37/1000 [00:15<06:23,  2.51it/s]
  4%|▍         | 38/1000 [00:15<06:23,  2.51it/s]
  4%|▍         | 39/1000 [00:15<06:23,  2.51it/s]
  4%|▍         | 40/1000 [00:16<06:22,  2.51it/s]
  4%|▍         | 41/1000 [00:16<06:22,  2.51it/s]
  4%|▍         | 42/1000 [00:17<06:22,  2.51it/s]
  4%|▍         | 43/1000 [00:17<06:21,  2.51it/s]
  4%|▍         | 44/1000 [00:17<06:21,  2.51it/s]
  4%|▍         | 45/1000 [00:18<06:20,  2.51it/s]
  5%|▍         | 46/1000 [00:18<06:20,  2.51it/s]
  5%|▍         | 47/1000 [00:19<06:20,  2.51it/s]
  5%|▍         | 48/1000 [00:19<06:19,  2.51it/s]
  5%|▍         | 49/1000 [00:19<06:19,  2.51it/s]
  5%|▌         | 50/1000 [00:20<06:19,  2.51it/s]
  5%|▌         | 51/1000 [00:20<06:18,  2.51it/s]
  5%|▌         | 52/1000 [00:21<06:18,  2.51it/s]
  5%|▌         | 53/1000 [00:21<06:17,  2.51it/s]
  5%|▌         | 54/1000 [00:21<06:17,  2.51it/s]
  6%|▌         | 55/1000 [00:22<06:17,  2.51it/s]
  6%|▌         | 56/1000 [00:22<06:16,  2.51it/s]
  6%|▌         | 57/1000 [00:23<06:16,  2.51it/s]
  6%|▌         | 58/1000 [00:23<06:15,  2.51it/s]
  6%|▌         | 59/1000 [00:23<06:15,  2.51it/s]
  6%|▌         | 60/1000 [00:24<06:14,  2.51it/s]
  6%|▌         | 61/1000 [00:24<06:14,  2.51it/s]
  6%|▌         | 62/1000 [00:25<06:13,  2.51it/s]
  6%|▋         | 63/1000 [00:25<06:13,  2.51it/s]
  6%|▋         | 64/1000 [00:25<06:13,  2.50it/s]
  6%|▋         | 65/1000 [00:26<06:13,  2.50it/s]
  7%|▋         | 66/1000 [00:26<06:12,  2.51it/s]
  7%|▋         | 67/1000 [00:27<06:12,  2.51it/s]
  7%|▋         | 68/1000 [00:27<06:11,  2.51it/s]
  7%|▋         | 69/1000 [00:27<06:11,  2.50it/s]
  7%|▋         | 70/1000 [00:28<06:11,  2.50it/s]
  7%|▋         | 71/1000 [00:28<06:10,  2.51it/s]
  7%|▋         | 72/1000 [00:29<06:10,  2.51it/s]
  7%|▋         | 73/1000 [00:29<06:10,  2.51it/s]
  7%|▋         | 74/1000 [00:29<06:09,  2.51it/s]
  8%|▊         | 75/1000 [00:30<06:09,  2.50it/s]
  8%|▊         | 76/1000 [00:30<06:08,  2.50it/s]
  8%|▊         | 77/1000 [00:31<06:08,  2.50it/s]
  8%|▊         | 78/1000 [00:31<06:08,  2.51it/s]
  8%|▊         | 79/1000 [00:31<06:07,  2.51it/s]
  8%|▊         | 80/1000 [00:32<06:07,  2.51it/s]
  8%|▊         | 81/1000 [00:32<06:06,  2.51it/s]
  8%|▊         | 82/1000 [00:33<06:06,  2.51it/s]
  8%|▊         | 83/1000 [00:33<06:05,  2.51it/s]
  8%|▊         | 84/1000 [00:33<06:05,  2.51it/s]
  8%|▊         | 85/1000 [00:34<06:04,  2.51it/s]
  9%|▊         | 86/1000 [00:34<06:04,  2.51it/s]
  9%|▊         | 87/1000 [00:35<06:03,  2.51it/s]
  9%|▉         | 88/1000 [00:35<06:03,  2.51it/s]
  9%|▉         | 89/1000 [00:35<06:03,  2.51it/s]
  9%|▉         | 90/1000 [00:36<06:02,  2.51it/s]
  9%|▉         | 91/1000 [00:36<06:02,  2.51it/s]
  9%|▉         | 92/1000 [00:37<06:01,  2.51it/s]
  9%|▉         | 93/1000 [00:37<06:01,  2.51it/s]
  9%|▉         | 94/1000 [00:37<06:01,  2.51it/s]
 10%|▉         | 95/1000 [00:38<06:00,  2.51it/s]
 10%|▉         | 96/1000 [00:38<06:00,  2.51it/s]
 10%|▉         | 97/1000 [00:39<06:00,  2.51it/s]
 10%|▉         | 98/1000 [00:39<05:59,  2.51it/s]
 10%|▉         | 99/1000 [00:39<05:59,  2.50it/s]
 10%|█         | 100/1000 [00:40<05:59,  2.51it/s]
 10%|█         | 101/1000 [00:40<05:58,  2.51it/s]
 10%|█         | 102/1000 [00:41<05:58,  2.51it/s]
 10%|█         | 103/1000 [00:41<05:57,  2.51it/s]
 10%|█         | 104/1000 [00:41<05:57,  2.51it/s]
 10%|█         | 105/1000 [00:42<05:57,  2.50it/s]
 11%|█         | 106/1000 [00:42<05:57,  2.50it/s]
 11%|█         | 107/1000 [00:43<05:56,  2.50it/s]
 11%|█         | 108/1000 [00:43<05:56,  2.50it/s]
 11%|█         | 109/1000 [00:43<05:55,  2.51it/s]
 11%|█         | 110/1000 [00:44<05:55,  2.51it/s]
 11%|█         | 111/1000 [00:44<05:54,  2.51it/s]
 11%|█         | 112/1000 [00:45<05:54,  2.50it/s]
 11%|█▏        | 113/1000 [00:45<05:54,  2.50it/s]
 11%|█▏        | 114/1000 [00:45<05:53,  2.50it/s]
 12%|█▏        | 115/1000 [00:46<05:53,  2.50it/s]
 12%|█▏        | 116/1000 [00:46<05:53,  2.50it/s]
 12%|█▏        | 117/1000 [00:47<05:52,  2.50it/s]
 12%|█▏        | 118/1000 [00:47<05:52,  2.50it/s]
 12%|█▏        | 119/1000 [00:47<05:51,  2.50it/s]
 12%|█▏        | 120/1000 [00:48<05:51,  2.50it/s]
 12%|█▏        | 121/1000 [00:48<05:50,  2.50it/s]
 12%|█▏        | 122/1000 [00:49<05:50,  2.50it/s]
 12%|█▏        | 123/1000 [00:49<05:50,  2.50it/s]
 12%|█▏        | 124/1000 [00:49<05:49,  2.50it/s]
 12%|█▎        | 125/1000 [00:50<05:49,  2.50it/s]
 13%|█▎        | 126/1000 [00:50<05:49,  2.50it/s]
 13%|█▎        | 127/1000 [00:51<05:48,  2.50it/s]
 13%|█▎        | 128/1000 [00:51<05:48,  2.50it/s]
 13%|█▎        | 129/1000 [00:51<05:48,  2.50it/s]
 13%|█▎        | 130/1000 [00:52<05:47,  2.50it/s]
 13%|█▎        | 131/1000 [00:52<05:47,  2.50it/s]
 13%|█▎        | 132/1000 [00:53<05:46,  2.50it/s]
 13%|█▎        | 133/1000 [00:53<05:46,  2.50it/s]
 13%|█▎        | 134/1000 [00:53<05:45,  2.51it/s]
 14%|█▎        | 135/1000 [00:54<05:45,  2.51it/s]
 14%|█▎        | 136/1000 [00:54<05:44,  2.51it/s]
 14%|█▎        | 137/1000 [00:55<05:44,  2.51it/s]
 14%|█▍        | 138/1000 [00:55<05:43,  2.51it/s]
 14%|█▍        | 139/1000 [00:55<05:43,  2.51it/s]
 14%|█▍        | 140/1000 [00:56<05:42,  2.51it/s]
 14%|█▍        | 141/1000 [00:56<05:42,  2.51it/s]
 14%|█▍        | 142/1000 [00:57<05:42,  2.51it/s]
 14%|█▍        | 143/1000 [00:57<05:41,  2.51it/s]
 14%|█▍        | 144/1000 [00:57<05:41,  2.51it/s]
 14%|█▍        | 145/1000 [00:58<05:41,  2.51it/s]
 15%|█▍        | 146/1000 [00:58<05:40,  2.51it/s]
 15%|█▍        | 147/1000 [00:58<05:40,  2.51it/s]
 15%|█▍        | 148/1000 [00:59<05:39,  2.51it/s]
 15%|█▍        | 149/1000 [00:59<05:39,  2.51it/s]
 15%|█▌        | 150/1000 [01:00<05:39,  2.51it/s]
 15%|█▌        | 151/1000 [01:00<05:38,  2.51it/s]
 15%|█▌        | 152/1000 [01:00<05:38,  2.51it/s]
 15%|█▌        | 153/1000 [01:01<05:38,  2.51it/s]
 15%|█▌        | 154/1000 [01:01<05:37,  2.51it/s]
 16%|█▌        | 155/1000 [01:02<05:37,  2.51it/s]
 16%|█▌        | 156/1000 [01:02<05:36,  2.51it/s]
 16%|█▌        | 157/1000 [01:02<05:36,  2.51it/s]
 16%|█▌        | 158/1000 [01:03<05:35,  2.51it/s]
 16%|█▌        | 159/1000 [01:03<05:35,  2.51it/s]
 16%|█▌        | 160/1000 [01:04<05:35,  2.51it/s]
 16%|█▌        | 161/1000 [01:04<05:34,  2.51it/s]
 16%|█▌        | 162/1000 [01:04<05:34,  2.51it/s]
 16%|█▋        | 163/1000 [01:05<05:33,  2.51it/s]
 16%|█▋        | 164/1000 [01:05<05:33,  2.51it/s]
 16%|█▋        | 165/1000 [01:06<05:33,  2.51it/s]
 17%|█▋        | 166/1000 [01:06<05:32,  2.51it/s]
 17%|█▋        | 167/1000 [01:06<05:32,  2.51it/s]
 17%|█▋        | 168/1000 [01:07<05:32,  2.51it/s]
 17%|█▋        | 169/1000 [01:07<05:31,  2.51it/s]
 17%|█▋        | 170/1000 [01:08<05:31,  2.50it/s]
 17%|█▋        | 171/1000 [01:08<05:31,  2.50it/s]
 17%|█▋        | 172/1000 [01:08<05:30,  2.50it/s]
 17%|█▋        | 173/1000 [01:09<05:30,  2.51it/s]
 17%|█▋        | 174/1000 [01:09<05:29,  2.51it/s]
 18%|█▊        | 175/1000 [01:10<05:29,  2.51it/s]
 18%|█▊        | 176/1000 [01:10<05:28,  2.51it/s]
 18%|█▊        | 177/1000 [01:10<05:28,  2.51it/s]
 18%|█▊        | 178/1000 [01:11<05:27,  2.51it/s]
 18%|█▊        | 179/1000 [01:11<05:27,  2.51it/s]
 18%|█▊        | 180/1000 [01:12<05:27,  2.51it/s]
 18%|█▊        | 181/1000 [01:12<05:26,  2.51it/s]
 18%|█▊        | 182/1000 [01:12<05:26,  2.51it/s]
 18%|█▊        | 183/1000 [01:13<05:25,  2.51it/s]
 18%|█▊        | 184/1000 [01:13<05:25,  2.51it/s]
 18%|█▊        | 185/1000 [01:14<05:25,  2.50it/s]
 19%|█▊        | 186/1000 [01:14<05:24,  2.50it/s]
 19%|█▊        | 187/1000 [01:14<05:24,  2.50it/s]
 19%|█▉        | 188/1000 [01:15<05:24,  2.50it/s]
 19%|█▉        | 189/1000 [01:15<05:24,  2.50it/s]
 19%|█▉        | 190/1000 [01:16<05:23,  2.50it/s]
 19%|█▉        | 191/1000 [01:16<05:23,  2.50it/s]
 19%|█▉        | 192/1000 [01:16<05:22,  2.50it/s]
 19%|█▉        | 193/1000 [01:17<05:22,  2.50it/s]
 19%|█▉        | 194/1000 [01:17<05:21,  2.50it/s]
 20%|█▉        | 195/1000 [01:18<05:21,  2.51it/s]
 20%|█▉        | 196/1000 [01:18<05:20,  2.51it/s]
 20%|█▉        | 197/1000 [01:18<05:20,  2.51it/s]
 20%|█▉        | 198/1000 [01:19<05:19,  2.51it/s]
 20%|█▉        | 199/1000 [01:19<05:19,  2.51it/s]
 20%|██        | 200/1000 [01:20<05:19,  2.51it/s]
 20%|██        | 201/1000 [01:20<05:18,  2.51it/s]
 20%|██        | 202/1000 [01:20<05:18,  2.51it/s]
 20%|██        | 203/1000 [01:21<05:18,  2.51it/s]
 20%|██        | 204/1000 [01:21<05:17,  2.51it/s]
 20%|██        | 205/1000 [01:22<05:17,  2.50it/s]
 21%|██        | 206/1000 [01:22<05:16,  2.51it/s]
 21%|██        | 207/1000 [01:22<05:16,  2.51it/s]
 21%|██        | 208/1000 [01:23<05:15,  2.51it/s]
 21%|██        | 209/1000 [01:23<05:15,  2.51it/s]
 21%|██        | 210/1000 [01:24<05:15,  2.51it/s]
 21%|██        | 211/1000 [01:24<05:14,  2.51it/s]
 21%|██        | 212/1000 [01:24<05:14,  2.50it/s]
 21%|██▏       | 213/1000 [01:25<05:14,  2.50it/s]
 21%|██▏       | 214/1000 [01:25<05:14,  2.50it/s]
 22%|██▏       | 215/1000 [01:26<05:13,  2.50it/s]
 22%|██▏       | 216/1000 [01:26<05:13,  2.50it/s]
 22%|██▏       | 217/1000 [01:26<05:12,  2.50it/s]
 22%|██▏       | 218/1000 [01:27<05:12,  2.51it/s]
 22%|██▏       | 219/1000 [01:27<05:11,  2.50it/s]
 22%|██▏       | 220/1000 [01:28<05:11,  2.50it/s]
 22%|██▏       | 221/1000 [01:28<05:10,  2.51it/s]
 22%|██▏       | 222/1000 [01:28<05:10,  2.51it/s]
 22%|██▏       | 223/1000 [01:29<05:09,  2.51it/s]
 22%|██▏       | 224/1000 [01:29<05:09,  2.51it/s]
 22%|██▎       | 225/1000 [01:30<05:09,  2.51it/s]
 23%|██▎       | 226/1000 [01:30<05:08,  2.51it/s]
 23%|██▎       | 227/1000 [01:30<05:08,  2.51it/s]
 23%|██▎       | 228/1000 [01:31<05:07,  2.51it/s]
 23%|██▎       | 229/1000 [01:31<05:07,  2.51it/s]
 23%|██▎       | 230/1000 [01:32<05:07,  2.51it/s]
 23%|██▎       | 231/1000 [01:32<05:06,  2.51it/s]
 23%|██▎       | 232/1000 [01:32<05:06,  2.51it/s]
 23%|██▎       | 233/1000 [01:33<05:05,  2.51it/s]
 23%|██▎       | 234/1000 [01:33<05:05,  2.51it/s]
 24%|██▎       | 235/1000 [01:34<05:05,  2.51it/s]
 24%|██▎       | 236/1000 [01:34<05:04,  2.51it/s]
 24%|██▎       | 237/1000 [01:34<05:04,  2.51it/s]
 24%|██▍       | 238/1000 [01:35<05:03,  2.51it/s]
 24%|██▍       | 239/1000 [01:35<05:03,  2.51it/s]
 24%|██▍       | 240/1000 [01:36<05:03,  2.51it/s]
 24%|██▍       | 241/1000 [01:36<05:02,  2.51it/s]
 24%|██▍       | 242/1000 [01:36<05:02,  2.51it/s]
 24%|██▍       | 243/1000 [01:37<05:01,  2.51it/s]
 24%|██▍       | 244/1000 [01:37<05:01,  2.51it/s]
 24%|██▍       | 245/1000 [01:38<05:01,  2.51it/s]
 25%|██▍       | 246/1000 [01:38<05:00,  2.51it/s]
 25%|██▍       | 247/1000 [01:38<05:00,  2.51it/s]
 25%|██▍       | 248/1000 [01:39<04:59,  2.51it/s]
 25%|██▍       | 249/1000 [01:39<04:59,  2.51it/s]
 25%|██▌       | 250/1000 [01:40<04:59,  2.51it/s]
 25%|██▌       | 251/1000 [01:40<04:59,  2.50it/s]
 25%|██▌       | 252/1000 [01:40<04:58,  2.50it/s]
 25%|██▌       | 253/1000 [01:41<04:58,  2.50it/s]
 25%|██▌       | 254/1000 [01:41<04:58,  2.50it/s]
 26%|██▌       | 255/1000 [01:42<04:57,  2.50it/s]
 26%|██▌       | 256/1000 [01:42<04:57,  2.50it/s]
 26%|██▌       | 257/1000 [01:42<04:56,  2.51it/s]
 26%|██▌       | 258/1000 [01:43<04:56,  2.51it/s]
 26%|██▌       | 259/1000 [01:43<04:55,  2.51it/s]
 26%|██▌       | 260/1000 [01:44<04:55,  2.51it/s]
 26%|██▌       | 261/1000 [01:44<04:54,  2.51it/s]
 26%|██▌       | 262/1000 [01:44<04:54,  2.51it/s]
 26%|██▋       | 263/1000 [01:45<04:53,  2.51it/s]
 26%|██▋       | 264/1000 [01:45<04:53,  2.51it/s]
 26%|██▋       | 265/1000 [01:46<04:53,  2.51it/s]
 27%|██▋       | 266/1000 [01:46<04:52,  2.51it/s]
 27%|██▋       | 267/1000 [01:46<04:52,  2.51it/s]
 27%|██▋       | 268/1000 [01:47<04:51,  2.51it/s]
 27%|██▋       | 269/1000 [01:47<04:51,  2.51it/s]
 27%|██▋       | 270/1000 [01:48<04:51,  2.51it/s]
 27%|██▋       | 271/1000 [01:48<04:50,  2.51it/s]
 27%|██▋       | 272/1000 [01:48<04:50,  2.51it/s]
 27%|██▋       | 273/1000 [01:49<04:49,  2.51it/s]
 27%|██▋       | 274/1000 [01:49<04:49,  2.51it/s]
 28%|██▊       | 275/1000 [01:50<04:49,  2.51it/s]
 28%|██▊       | 276/1000 [01:50<04:48,  2.51it/s]
 28%|██▊       | 277/1000 [01:50<04:48,  2.51it/s]
 28%|██▊       | 278/1000 [01:51<04:48,  2.51it/s]
 28%|██▊       | 279/1000 [01:51<04:47,  2.51it/s]
 28%|██▊       | 280/1000 [01:52<04:47,  2.51it/s]
 28%|██▊       | 281/1000 [01:52<04:46,  2.51it/s]
 28%|██▊       | 282/1000 [01:52<04:46,  2.51it/s]
 28%|██▊       | 283/1000 [01:53<04:46,  2.51it/s]
 28%|██▊       | 284/1000 [01:53<04:45,  2.51it/s]
 28%|██▊       | 285/1000 [01:54<04:45,  2.51it/s]
 29%|██▊       | 286/1000 [01:54<04:44,  2.51it/s]
 29%|██▊       | 287/1000 [01:54<04:44,  2.51it/s]
 29%|██▉       | 288/1000 [01:55<04:43,  2.51it/s]
 29%|██▉       | 289/1000 [01:55<04:43,  2.51it/s]
 29%|██▉       | 290/1000 [01:56<04:43,  2.51it/s]
 29%|██▉       | 291/1000 [01:56<04:42,  2.51it/s]
 29%|██▉       | 292/1000 [01:56<04:42,  2.51it/s]
 29%|██▉       | 293/1000 [01:57<04:41,  2.51it/s]
 29%|██▉       | 294/1000 [01:57<04:41,  2.51it/s]
 30%|██▉       | 295/1000 [01:58<04:41,  2.51it/s]
 30%|██▉       | 296/1000 [01:58<04:40,  2.51it/s]
 30%|██▉       | 297/1000 [01:58<04:40,  2.51it/s]
 30%|██▉       | 298/1000 [01:59<04:39,  2.51it/s]
 30%|██▉       | 299/1000 [01:59<04:39,  2.51it/s]
 30%|███       | 300/1000 [02:00<04:39,  2.51it/s]
 30%|███       | 301/1000 [02:00<04:38,  2.51it/s]
 30%|███       | 302/1000 [02:00<04:38,  2.51it/s]
 30%|███       | 303/1000 [02:01<04:38,  2.51it/s]
 30%|███       | 304/1000 [02:01<04:37,  2.51it/s]
 30%|███       | 305/1000 [02:02<04:37,  2.51it/s]
 31%|███       | 306/1000 [02:02<04:36,  2.51it/s]
 31%|███       | 307/1000 [02:02<04:36,  2.51it/s]
 31%|███       | 308/1000 [02:03<04:36,  2.51it/s]
 31%|███       | 309/1000 [02:03<04:35,  2.51it/s]
 31%|███       | 310/1000 [02:04<04:35,  2.51it/s]
 31%|███       | 311/1000 [02:04<04:35,  2.51it/s]
 31%|███       | 312/1000 [02:04<04:34,  2.51it/s]
 31%|███▏      | 313/1000 [02:05<04:34,  2.51it/s]
 31%|███▏      | 314/1000 [02:05<04:33,  2.51it/s]
 32%|███▏      | 315/1000 [02:06<04:33,  2.51it/s]
 32%|███▏      | 316/1000 [02:06<04:33,  2.51it/s]
 32%|███▏      | 317/1000 [02:06<04:32,  2.51it/s]
 32%|███▏      | 318/1000 [02:07<04:32,  2.51it/s]
 32%|███▏      | 319/1000 [02:07<04:31,  2.51it/s]
 32%|███▏      | 320/1000 [02:08<04:31,  2.50it/s]
 32%|███▏      | 321/1000 [02:08<04:31,  2.50it/s]
 32%|███▏      | 322/1000 [02:08<04:30,  2.50it/s]
 32%|███▏      | 323/1000 [02:09<04:30,  2.51it/s]
 32%|███▏      | 324/1000 [02:09<04:29,  2.51it/s]
 32%|███▎      | 325/1000 [02:10<04:29,  2.50it/s]
 33%|███▎      | 326/1000 [02:10<04:29,  2.50it/s]
 33%|███▎      | 327/1000 [02:10<04:28,  2.51it/s]
 33%|███▎      | 328/1000 [02:11<04:28,  2.51it/s]
 33%|███▎      | 329/1000 [02:11<04:27,  2.50it/s]
 33%|███▎      | 330/1000 [02:12<04:27,  2.51it/s]
 33%|███▎      | 331/1000 [02:12<04:27,  2.51it/s]
 33%|███▎      | 332/1000 [02:12<04:26,  2.51it/s]
 33%|███▎      | 333/1000 [02:13<04:26,  2.51it/s]
 33%|███▎      | 334/1000 [02:13<04:25,  2.51it/s]
 34%|███▎      | 335/1000 [02:14<04:25,  2.51it/s]
 34%|███▎      | 336/1000 [02:14<04:24,  2.51it/s]
 34%|███▎      | 337/1000 [02:14<04:24,  2.51it/s]
 34%|███▍      | 338/1000 [02:15<04:24,  2.50it/s]
 34%|███▍      | 339/1000 [02:15<04:24,  2.50it/s]
 34%|███▍      | 340/1000 [02:16<04:23,  2.50it/s]
 34%|███▍      | 341/1000 [02:16<04:23,  2.51it/s]
 34%|███▍      | 342/1000 [02:16<04:22,  2.51it/s]
 34%|███▍      | 343/1000 [02:17<04:22,  2.51it/s]
 34%|███▍      | 344/1000 [02:17<04:21,  2.51it/s]
 34%|███▍      | 345/1000 [02:18<04:21,  2.51it/s]
 35%|███▍      | 346/1000 [02:18<04:20,  2.51it/s]
 35%|███▍      | 347/1000 [02:18<04:20,  2.51it/s]
 35%|███▍      | 348/1000 [02:19<04:20,  2.51it/s]
 35%|███▍      | 349/1000 [02:19<04:19,  2.51it/s]
 35%|███▌      | 350/1000 [02:19<04:19,  2.51it/s]
 35%|███▌      | 351/1000 [02:20<04:18,  2.51it/s]
 35%|███▌      | 352/1000 [02:20<04:18,  2.51it/s]
 35%|███▌      | 353/1000 [02:21<04:18,  2.51it/s]
 35%|███▌      | 354/1000 [02:21<04:17,  2.51it/s]
 36%|███▌      | 355/1000 [02:21<04:17,  2.51it/s]
 36%|███▌      | 356/1000 [02:22<04:17,  2.51it/s]
 36%|███▌      | 357/1000 [02:22<04:16,  2.51it/s]
 36%|███▌      | 358/1000 [02:23<04:16,  2.51it/s]
 36%|███▌      | 359/1000 [02:23<04:15,  2.51it/s]
 36%|███▌      | 360/1000 [02:23<04:15,  2.51it/s]
 36%|███▌      | 361/1000 [02:24<04:14,  2.51it/s]
 36%|███▌      | 362/1000 [02:24<04:14,  2.51it/s]
 36%|███▋      | 363/1000 [02:25<04:14,  2.51it/s]
 36%|███▋      | 364/1000 [02:25<04:13,  2.51it/s]
 36%|███▋      | 365/1000 [02:25<04:13,  2.51it/s]
 37%|███▋      | 366/1000 [02:26<04:12,  2.51it/s]
 37%|███▋      | 367/1000 [02:26<04:12,  2.51it/s]
 37%|███▋      | 368/1000 [02:27<04:12,  2.51it/s]
 37%|███▋      | 369/1000 [02:27<04:11,  2.51it/s]
 37%|███▋      | 370/1000 [02:27<04:11,  2.51it/s]
 37%|███▋      | 371/1000 [02:28<04:10,  2.51it/s]
 37%|███▋      | 372/1000 [02:28<04:10,  2.51it/s]
 37%|███▋      | 373/1000 [02:29<04:10,  2.51it/s]
 37%|███▋      | 374/1000 [02:29<04:09,  2.51it/s]
 38%|███▊      | 375/1000 [02:29<04:09,  2.51it/s]
 38%|███▊      | 376/1000 [02:30<04:08,  2.51it/s]
 38%|███▊      | 377/1000 [02:30<04:08,  2.51it/s]
 38%|███▊      | 378/1000 [02:31<04:08,  2.51it/s]
 38%|███▊      | 379/1000 [02:31<04:07,  2.51it/s]
 38%|███▊      | 380/1000 [02:31<04:07,  2.51it/s]
 38%|███▊      | 381/1000 [02:32<04:07,  2.51it/s]
 38%|███▊      | 382/1000 [02:32<04:06,  2.51it/s]
 38%|███▊      | 383/1000 [02:33<04:06,  2.51it/s]
 38%|███▊      | 384/1000 [02:33<04:05,  2.51it/s]
 38%|███▊      | 385/1000 [02:33<04:05,  2.51it/s]
 39%|███▊      | 386/1000 [02:34<04:05,  2.51it/s]
 39%|███▊      | 387/1000 [02:34<04:04,  2.51it/s]
 39%|███▉      | 388/1000 [02:35<04:04,  2.51it/s]
 39%|███▉      | 389/1000 [02:35<04:03,  2.50it/s]
 39%|███▉      | 390/1000 [02:35<04:03,  2.50it/s]
 39%|███▉      | 391/1000 [02:36<04:03,  2.51it/s]
 39%|███▉      | 392/1000 [02:36<04:02,  2.51it/s]
 39%|███▉      | 393/1000 [02:37<04:02,  2.51it/s]
 39%|███▉      | 394/1000 [02:37<04:01,  2.51it/s]
 40%|███▉      | 395/1000 [02:37<04:01,  2.51it/s]
 40%|███▉      | 396/1000 [02:38<04:00,  2.51it/s]
 40%|███▉      | 397/1000 [02:38<04:00,  2.51it/s]
 40%|███▉      | 398/1000 [02:39<03:59,  2.51it/s]
 40%|███▉      | 399/1000 [02:39<03:59,  2.51it/s]
 40%|████      | 400/1000 [02:39<03:59,  2.51it/s]
 40%|████      | 401/1000 [02:40<03:58,  2.51it/s]
 40%|████      | 402/1000 [02:40<03:58,  2.51it/s]
 40%|████      | 403/1000 [02:41<03:58,  2.51it/s]
 40%|████      | 404/1000 [02:41<03:57,  2.51it/s]
 40%|████      | 405/1000 [02:41<03:57,  2.51it/s]
 41%|████      | 406/1000 [02:42<03:56,  2.51it/s]
 41%|████      | 407/1000 [02:42<03:56,  2.51it/s]
 41%|████      | 408/1000 [02:43<03:56,  2.51it/s]
 41%|████      | 409/1000 [02:43<03:55,  2.51it/s]
 41%|████      | 410/1000 [02:43<03:55,  2.51it/s]
 41%|████      | 411/1000 [02:44<03:54,  2.51it/s]
 41%|████      | 412/1000 [02:44<03:54,  2.51it/s]
 41%|████▏     | 413/1000 [02:45<03:54,  2.51it/s]
 41%|████▏     | 414/1000 [02:45<03:53,  2.51it/s]
 42%|████▏     | 415/1000 [02:45<03:53,  2.51it/s]
 42%|████▏     | 416/1000 [02:46<03:52,  2.51it/s]
 42%|████▏     | 417/1000 [02:46<03:52,  2.51it/s]
 42%|████▏     | 418/1000 [02:47<03:52,  2.51it/s]
 42%|████▏     | 419/1000 [02:47<03:51,  2.51it/s]
 42%|████▏     | 420/1000 [02:47<03:51,  2.51it/s]
 42%|████▏     | 421/1000 [02:48<03:51,  2.50it/s]
 42%|████▏     | 422/1000 [02:48<03:50,  2.50it/s]
 42%|████▏     | 423/1000 [02:49<03:50,  2.50it/s]
 42%|████▏     | 424/1000 [02:49<03:49,  2.50it/s]
 42%|████▎     | 425/1000 [02:49<03:49,  2.51it/s]
 43%|████▎     | 426/1000 [02:50<03:49,  2.51it/s]
 43%|████▎     | 427/1000 [02:50<03:48,  2.51it/s]
 43%|████▎     | 428/1000 [02:51<03:48,  2.51it/s]
 43%|████▎     | 429/1000 [02:51<03:47,  2.51it/s]
 43%|████▎     | 430/1000 [02:51<03:47,  2.51it/s]
 43%|████▎     | 431/1000 [02:52<03:47,  2.51it/s]
 43%|████▎     | 432/1000 [02:52<03:46,  2.51it/s]
 43%|████▎     | 433/1000 [02:53<03:46,  2.51it/s]
 43%|████▎     | 434/1000 [02:53<03:45,  2.51it/s]
 44%|████▎     | 435/1000 [02:53<03:45,  2.51it/s]
 44%|████▎     | 436/1000 [02:54<03:45,  2.51it/s]
 44%|████▎     | 437/1000 [02:54<03:44,  2.51it/s]
 44%|████▍     | 438/1000 [02:55<03:44,  2.51it/s]
 44%|████▍     | 439/1000 [02:55<03:43,  2.51it/s]
 44%|████▍     | 440/1000 [02:55<03:43,  2.51it/s]
 44%|████▍     | 441/1000 [02:56<03:43,  2.51it/s]
 44%|████▍     | 442/1000 [02:56<03:42,  2.51it/s]
 44%|████▍     | 443/1000 [02:57<03:42,  2.51it/s]
 44%|████▍     | 444/1000 [02:57<03:41,  2.51it/s]
 44%|████▍     | 445/1000 [02:57<03:41,  2.51it/s]
 45%|████▍     | 446/1000 [02:58<03:41,  2.51it/s]
 45%|████▍     | 447/1000 [02:58<03:40,  2.51it/s]
 45%|████▍     | 448/1000 [02:59<03:40,  2.51it/s]
 45%|████▍     | 449/1000 [02:59<03:39,  2.51it/s]
 45%|████▌     | 450/1000 [02:59<03:39,  2.51it/s]
 45%|████▌     | 451/1000 [03:00<03:39,  2.51it/s]
 45%|████▌     | 452/1000 [03:00<03:38,  2.51it/s]
 45%|████▌     | 453/1000 [03:01<03:38,  2.51it/s]
 45%|████▌     | 454/1000 [03:01<03:37,  2.51it/s]
 46%|████▌     | 455/1000 [03:01<03:37,  2.51it/s]
 46%|████▌     | 456/1000 [03:02<03:37,  2.51it/s]
 46%|████▌     | 457/1000 [03:02<03:36,  2.51it/s]
 46%|████▌     | 458/1000 [03:03<03:36,  2.51it/s]
 46%|████▌     | 459/1000 [03:03<03:35,  2.51it/s]
 46%|████▌     | 460/1000 [03:03<03:35,  2.50it/s]
 46%|████▌     | 461/1000 [03:04<03:35,  2.50it/s]
 46%|████▌     | 462/1000 [03:04<03:34,  2.50it/s]
 46%|████▋     | 463/1000 [03:05<03:34,  2.50it/s]
 46%|████▋     | 464/1000 [03:05<03:34,  2.50it/s]
 46%|████▋     | 465/1000 [03:05<03:33,  2.50it/s]
 47%|████▋     | 466/1000 [03:06<03:33,  2.50it/s]
 47%|████▋     | 467/1000 [03:06<03:32,  2.51it/s]
 47%|████▋     | 468/1000 [03:07<03:32,  2.51it/s]
 47%|████▋     | 469/1000 [03:07<03:31,  2.51it/s]
 47%|████▋     | 470/1000 [03:07<03:31,  2.51it/s]
 47%|████▋     | 471/1000 [03:08<03:31,  2.51it/s]
 47%|████▋     | 472/1000 [03:08<03:30,  2.51it/s]
 47%|████▋     | 473/1000 [03:09<03:30,  2.51it/s]
 47%|████▋     | 474/1000 [03:09<03:29,  2.51it/s]
 48%|████▊     | 475/1000 [03:09<03:29,  2.51it/s]
 48%|████▊     | 476/1000 [03:10<03:29,  2.51it/s]
 48%|████▊     | 477/1000 [03:10<03:28,  2.51it/s]
 48%|████▊     | 478/1000 [03:11<03:28,  2.51it/s]
 48%|████▊     | 479/1000 [03:11<03:27,  2.51it/s]
 48%|████▊     | 480/1000 [03:11<03:27,  2.51it/s]
 48%|████▊     | 481/1000 [03:12<03:27,  2.51it/s]
 48%|████▊     | 482/1000 [03:12<03:26,  2.51it/s]
 48%|████▊     | 483/1000 [03:13<03:26,  2.51it/s]
 48%|████▊     | 484/1000 [03:13<03:25,  2.51it/s]
 48%|████▊     | 485/1000 [03:13<03:25,  2.51it/s]
 49%|████▊     | 486/1000 [03:14<03:25,  2.51it/s]
 49%|████▊     | 487/1000 [03:14<03:24,  2.51it/s]
 49%|████▉     | 488/1000 [03:15<03:24,  2.51it/s]
 49%|████▉     | 489/1000 [03:15<03:23,  2.51it/s]
 49%|████▉     | 490/1000 [03:15<03:23,  2.51it/s]
 49%|████▉     | 491/1000 [03:16<03:23,  2.51it/s]
 49%|████▉     | 492/1000 [03:16<03:22,  2.51it/s]
 49%|████▉     | 493/1000 [03:17<03:22,  2.51it/s]
 49%|████▉     | 494/1000 [03:17<03:21,  2.51it/s]
 50%|████▉     | 495/1000 [03:17<03:21,  2.50it/s]
 50%|████▉     | 496/1000 [03:18<03:21,  2.50it/s]
 50%|████▉     | 497/1000 [03:18<03:20,  2.51it/s]
 50%|████▉     | 498/1000 [03:19<03:20,  2.51it/s]
 50%|████▉     | 499/1000 [03:19<03:19,  2.51it/s]
 50%|█████     | 500/1000 [03:19<03:19,  2.51it/s]
 50%|█████     | 501/1000 [03:20<03:19,  2.51it/s]
 50%|█████     | 502/1000 [03:20<03:18,  2.51it/s]
 50%|█████     | 503/1000 [03:21<03:18,  2.51it/s]
 50%|█████     | 504/1000 [03:21<03:17,  2.51it/s]
 50%|█████     | 505/1000 [03:21<03:17,  2.50it/s]
 51%|█████     | 506/1000 [03:22<03:17,  2.50it/s]
 51%|█████     | 507/1000 [03:22<03:16,  2.50it/s]
 51%|█████     | 508/1000 [03:23<03:16,  2.50it/s]
 51%|█████     | 509/1000 [03:23<03:16,  2.50it/s]
 51%|█████     | 510/1000 [03:23<03:15,  2.51it/s]
 51%|█████     | 511/1000 [03:24<03:15,  2.51it/s]
 51%|█████     | 512/1000 [03:24<03:14,  2.51it/s]
 51%|█████▏    | 513/1000 [03:25<03:14,  2.50it/s]
 51%|█████▏    | 514/1000 [03:25<03:14,  2.50it/s]
 52%|█████▏    | 515/1000 [03:25<03:13,  2.50it/s]
 52%|█████▏    | 516/1000 [03:26<03:13,  2.50it/s]
 52%|█████▏    | 517/1000 [03:26<03:12,  2.50it/s]
 52%|█████▏    | 518/1000 [03:27<03:12,  2.50it/s]
 52%|█████▏    | 519/1000 [03:27<03:12,  2.50it/s]
 52%|█████▏    | 520/1000 [03:27<03:11,  2.51it/s]
 52%|█████▏    | 521/1000 [03:28<03:11,  2.51it/s]
 52%|█████▏    | 522/1000 [03:28<03:10,  2.51it/s]
 52%|█████▏    | 523/1000 [03:29<03:10,  2.51it/s]
 52%|█████▏    | 524/1000 [03:29<03:09,  2.51it/s]
 52%|█████▎    | 525/1000 [03:29<03:09,  2.51it/s]
 53%|█████▎    | 526/1000 [03:30<03:09,  2.51it/s]
 53%|█████▎    | 527/1000 [03:30<03:08,  2.51it/s]
 53%|█████▎    | 528/1000 [03:31<03:08,  2.50it/s]
 53%|█████▎    | 529/1000 [03:31<03:07,  2.51it/s]
 53%|█████▎    | 530/1000 [03:31<03:07,  2.51it/s]
 53%|█████▎    | 531/1000 [03:32<03:07,  2.51it/s]
 53%|█████▎    | 532/1000 [03:32<03:06,  2.51it/s]
 53%|█████▎    | 533/1000 [03:33<03:06,  2.51it/s]
 53%|█████▎    | 534/1000 [03:33<03:05,  2.51it/s]
 54%|█████▎    | 535/1000 [03:33<03:05,  2.51it/s]
 54%|█████▎    | 536/1000 [03:34<03:05,  2.51it/s]
 54%|█████▎    | 537/1000 [03:34<03:04,  2.51it/s]
 54%|█████▍    | 538/1000 [03:35<03:04,  2.51it/s]
 54%|█████▍    | 539/1000 [03:35<03:03,  2.51it/s]
 54%|█████▍    | 540/1000 [03:35<03:03,  2.51it/s]
 54%|█████▍    | 541/1000 [03:36<03:03,  2.51it/s]
 54%|█████▍    | 542/1000 [03:36<03:02,  2.50it/s]
 54%|█████▍    | 543/1000 [03:37<03:02,  2.51it/s]
 54%|█████▍    | 544/1000 [03:37<03:01,  2.51it/s]
 55%|█████▍    | 545/1000 [03:37<03:01,  2.51it/s]
 55%|█████▍    | 546/1000 [03:38<03:01,  2.51it/s]
 55%|█████▍    | 547/1000 [03:38<03:00,  2.51it/s]
 55%|█████▍    | 548/1000 [03:39<03:00,  2.51it/s]
 55%|█████▍    | 549/1000 [03:39<02:59,  2.51it/s]
 55%|█████▌    | 550/1000 [03:39<02:59,  2.51it/s]
 55%|█████▌    | 551/1000 [03:40<02:59,  2.51it/s]
 55%|█████▌    | 552/1000 [03:40<02:58,  2.51it/s]
 55%|█████▌    | 553/1000 [03:40<02:58,  2.51it/s]
 55%|█████▌    | 554/1000 [03:41<02:57,  2.51it/s]
 56%|█████▌    | 555/1000 [03:41<02:57,  2.51it/s]
 56%|█████▌    | 556/1000 [03:42<02:57,  2.51it/s]
 56%|█████▌    | 557/1000 [03:42<02:56,  2.50it/s]
 56%|█████▌    | 558/1000 [03:42<02:56,  2.50it/s]
 56%|█████▌    | 559/1000 [03:43<02:56,  2.50it/s]
 56%|█████▌    | 560/1000 [03:43<02:55,  2.50it/s]
 56%|█████▌    | 561/1000 [03:44<02:55,  2.50it/s]
 56%|█████▌    | 562/1000 [03:44<02:54,  2.50it/s]
 56%|█████▋    | 563/1000 [03:44<02:54,  2.50it/s]
 56%|█████▋    | 564/1000 [03:45<02:54,  2.50it/s]
 56%|█████▋    | 565/1000 [03:45<02:53,  2.50it/s]
 57%|█████▋    | 566/1000 [03:46<02:53,  2.50it/s]
 57%|█████▋    | 567/1000 [03:46<02:52,  2.50it/s]
 57%|█████▋    | 568/1000 [03:46<02:52,  2.51it/s]
 57%|█████▋    | 569/1000 [03:47<02:52,  2.51it/s]
 57%|█████▋    | 570/1000 [03:47<02:51,  2.51it/s]
 57%|█████▋    | 571/1000 [03:48<02:51,  2.51it/s]
 57%|█████▋    | 572/1000 [03:48<02:50,  2.51it/s]
 57%|█████▋    | 573/1000 [03:48<02:50,  2.51it/s]
 57%|█████▋    | 574/1000 [03:49<02:49,  2.51it/s]
 57%|█████▊    | 575/1000 [03:49<02:49,  2.51it/s]
 58%|█████▊    | 576/1000 [03:50<02:49,  2.50it/s]
 58%|█████▊    | 577/1000 [03:50<02:48,  2.50it/s]
 58%|█████▊    | 578/1000 [03:50<02:48,  2.50it/s]
 58%|█████▊    | 579/1000 [03:51<02:48,  2.51it/s]
 58%|█████▊    | 580/1000 [03:51<02:47,  2.51it/s]
 58%|█████▊    | 581/1000 [03:52<02:47,  2.51it/s]
 58%|█████▊    | 582/1000 [03:52<02:46,  2.51it/s]
 58%|█████▊    | 583/1000 [03:52<02:46,  2.50it/s]
 58%|█████▊    | 584/1000 [03:53<02:46,  2.50it/s]
 58%|█████▊    | 585/1000 [03:53<02:45,  2.50it/s]
 59%|█████▊    | 586/1000 [03:54<02:45,  2.50it/s]
 59%|█████▊    | 587/1000 [03:54<02:44,  2.50it/s]
 59%|█████▉    | 588/1000 [03:54<02:44,  2.50it/s]
 59%|█████▉    | 589/1000 [03:55<02:44,  2.50it/s]
 59%|█████▉    | 590/1000 [03:55<02:43,  2.50it/s]
 59%|█████▉    | 591/1000 [03:56<02:43,  2.50it/s]
 59%|█████▉    | 592/1000 [03:56<02:42,  2.51it/s]
 59%|█████▉    | 593/1000 [03:56<02:42,  2.50it/s]
 59%|█████▉    | 594/1000 [03:57<02:42,  2.50it/s]
 60%|█████▉    | 595/1000 [03:57<02:41,  2.50it/s]
 60%|█████▉    | 596/1000 [03:58<02:41,  2.50it/s]
 60%|█████▉    | 597/1000 [03:58<02:41,  2.50it/s]
 60%|█████▉    | 598/1000 [03:58<02:40,  2.50it/s]
 60%|█████▉    | 599/1000 [03:59<02:40,  2.50it/s]
 60%|██████    | 600/1000 [03:59<02:39,  2.50it/s]
 60%|██████    | 601/1000 [04:00<02:39,  2.50it/s]
 60%|██████    | 602/1000 [04:00<02:38,  2.50it/s]
 60%|██████    | 603/1000 [04:00<02:38,  2.50it/s]
 60%|██████    | 604/1000 [04:01<02:38,  2.50it/s]
 60%|██████    | 605/1000 [04:01<02:37,  2.50it/s]
 61%|██████    | 606/1000 [04:02<02:37,  2.50it/s]
 61%|██████    | 607/1000 [04:02<02:37,  2.50it/s]
 61%|██████    | 608/1000 [04:02<02:36,  2.50it/s]
 61%|██████    | 609/1000 [04:03<02:36,  2.50it/s]
 61%|██████    | 610/1000 [04:03<02:35,  2.50it/s]
 61%|██████    | 611/1000 [04:04<02:35,  2.51it/s]
 61%|██████    | 612/1000 [04:04<02:34,  2.51it/s]
 61%|██████▏   | 613/1000 [04:04<02:34,  2.51it/s]
 61%|██████▏   | 614/1000 [04:05<02:33,  2.51it/s]
 62%|██████▏   | 615/1000 [04:05<02:33,  2.50it/s]
 62%|██████▏   | 616/1000 [04:06<02:33,  2.50it/s]
 62%|██████▏   | 617/1000 [04:06<02:32,  2.51it/s]
 62%|██████▏   | 618/1000 [04:06<02:32,  2.51it/s]
 62%|██████▏   | 619/1000 [04:07<02:31,  2.51it/s]
 62%|██████▏   | 620/1000 [04:07<02:31,  2.51it/s]
 62%|██████▏   | 621/1000 [04:08<02:31,  2.51it/s]
 62%|██████▏   | 622/1000 [04:08<02:30,  2.51it/s]
 62%|██████▏   | 623/1000 [04:08<02:30,  2.51it/s]
 62%|██████▏   | 624/1000 [04:09<02:29,  2.51it/s]
 62%|██████▎   | 625/1000 [04:09<02:29,  2.51it/s]
 63%|██████▎   | 626/1000 [04:10<02:29,  2.51it/s]
 63%|██████▎   | 627/1000 [04:10<02:28,  2.51it/s]
 63%|██████▎   | 628/1000 [04:10<02:28,  2.51it/s]
 63%|██████▎   | 629/1000 [04:11<02:28,  2.51it/s]
 63%|██████▎   | 630/1000 [04:11<02:27,  2.51it/s]
 63%|██████▎   | 631/1000 [04:12<02:27,  2.51it/s]
 63%|██████▎   | 632/1000 [04:12<02:26,  2.51it/s]
 63%|██████▎   | 633/1000 [04:12<02:26,  2.51it/s]
 63%|██████▎   | 634/1000 [04:13<02:26,  2.50it/s]
 64%|██████▎   | 635/1000 [04:13<02:25,  2.51it/s]
 64%|██████▎   | 636/1000 [04:14<02:25,  2.51it/s]
 64%|██████▎   | 637/1000 [04:14<02:24,  2.51it/s]
 64%|██████▍   | 638/1000 [04:14<02:24,  2.51it/s]
 64%|██████▍   | 639/1000 [04:15<02:23,  2.51it/s]
 64%|██████▍   | 640/1000 [04:15<02:23,  2.51it/s]
 64%|██████▍   | 641/1000 [04:16<02:23,  2.51it/s]
 64%|██████▍   | 642/1000 [04:16<02:22,  2.51it/s]
 64%|██████▍   | 643/1000 [04:16<02:22,  2.51it/s]
 64%|██████▍   | 644/1000 [04:17<02:22,  2.51it/s]
 64%|██████▍   | 645/1000 [04:17<02:21,  2.51it/s]
 65%|██████▍   | 646/1000 [04:18<02:21,  2.51it/s]
 65%|██████▍   | 647/1000 [04:18<02:20,  2.51it/s]
 65%|██████▍   | 648/1000 [04:18<02:20,  2.51it/s]
 65%|██████▍   | 649/1000 [04:19<02:19,  2.51it/s]
 65%|██████▌   | 650/1000 [04:19<02:19,  2.51it/s]
 65%|██████▌   | 651/1000 [04:20<02:19,  2.50it/s]
 65%|██████▌   | 652/1000 [04:20<02:18,  2.50it/s]
 65%|██████▌   | 653/1000 [04:20<02:18,  2.51it/s]
 65%|██████▌   | 654/1000 [04:21<02:18,  2.50it/s]
 66%|██████▌   | 655/1000 [04:21<02:17,  2.50it/s]
 66%|██████▌   | 656/1000 [04:22<02:17,  2.50it/s]
 66%|██████▌   | 657/1000 [04:22<02:16,  2.51it/s]
 66%|██████▌   | 658/1000 [04:22<02:16,  2.51it/s]
 66%|██████▌   | 659/1000 [04:23<02:16,  2.51it/s]
 66%|██████▌   | 660/1000 [04:23<02:15,  2.51it/s]
 66%|██████▌   | 661/1000 [04:24<02:15,  2.51it/s]
 66%|██████▌   | 662/1000 [04:24<02:14,  2.51it/s]
 66%|██████▋   | 663/1000 [04:24<02:14,  2.51it/s]
 66%|██████▋   | 664/1000 [04:25<02:14,  2.51it/s]
 66%|██████▋   | 665/1000 [04:25<02:13,  2.51it/s]
 67%|██████▋   | 666/1000 [04:26<02:13,  2.51it/s]
 67%|██████▋   | 667/1000 [04:26<02:12,  2.51it/s]
 67%|██████▋   | 668/1000 [04:26<02:12,  2.51it/s]
 67%|██████▋   | 669/1000 [04:27<02:12,  2.51it/s]
 67%|██████▋   | 670/1000 [04:27<02:11,  2.51it/s]
 67%|██████▋   | 671/1000 [04:28<02:11,  2.51it/s]
 67%|██████▋   | 672/1000 [04:28<02:10,  2.51it/s]
 67%|██████▋   | 673/1000 [04:28<02:10,  2.51it/s]
 67%|██████▋   | 674/1000 [04:29<02:09,  2.51it/s]
 68%|██████▊   | 675/1000 [04:29<02:09,  2.51it/s]
 68%|██████▊   | 676/1000 [04:30<02:09,  2.51it/s]
 68%|██████▊   | 677/1000 [04:30<02:08,  2.51it/s]
 68%|██████▊   | 678/1000 [04:30<02:08,  2.51it/s]
 68%|██████▊   | 679/1000 [04:31<02:07,  2.51it/s]
 68%|██████▊   | 680/1000 [04:31<02:07,  2.51it/s]
 68%|██████▊   | 681/1000 [04:32<02:07,  2.51it/s]
 68%|██████▊   | 682/1000 [04:32<02:06,  2.51it/s]
 68%|██████▊   | 683/1000 [04:32<02:06,  2.51it/s]
 68%|██████▊   | 684/1000 [04:33<02:05,  2.51it/s]
 68%|██████▊   | 685/1000 [04:33<02:05,  2.51it/s]
 69%|██████▊   | 686/1000 [04:34<02:05,  2.51it/s]
 69%|██████▊   | 687/1000 [04:34<02:04,  2.51it/s]
 69%|██████▉   | 688/1000 [04:34<02:04,  2.51it/s]
 69%|██████▉   | 689/1000 [04:35<02:03,  2.51it/s]
 69%|██████▉   | 690/1000 [04:35<02:03,  2.51it/s]
 69%|██████▉   | 691/1000 [04:36<02:03,  2.51it/s]
 69%|██████▉   | 692/1000 [04:36<02:02,  2.51it/s]
 69%|██████▉   | 693/1000 [04:36<02:02,  2.51it/s]
 69%|██████▉   | 694/1000 [04:37<02:02,  2.51it/s]
 70%|██████▉   | 695/1000 [04:37<02:01,  2.51it/s]
 70%|██████▉   | 696/1000 [04:38<02:01,  2.51it/s]
 70%|██████▉   | 697/1000 [04:38<02:00,  2.51it/s]
 70%|██████▉   | 698/1000 [04:38<02:00,  2.51it/s]
 70%|██████▉   | 699/1000 [04:39<02:00,  2.51it/s]
 70%|███████   | 700/1000 [04:39<01:59,  2.51it/s]
 70%|███████   | 701/1000 [04:40<01:59,  2.51it/s]
 70%|███████   | 702/1000 [04:40<01:58,  2.51it/s]
 70%|███████   | 703/1000 [04:40<01:58,  2.51it/s]
 70%|███████   | 704/1000 [04:41<01:58,  2.51it/s]
 70%|███████   | 705/1000 [04:41<01:57,  2.50it/s]
 71%|███████   | 706/1000 [04:42<01:57,  2.50it/s]
 71%|███████   | 707/1000 [04:42<01:56,  2.51it/s]
 71%|███████   | 708/1000 [04:42<01:56,  2.50it/s]
 71%|███████   | 709/1000 [04:43<01:56,  2.50it/s]
 71%|███████   | 710/1000 [04:43<01:55,  2.51it/s]
 71%|███████   | 711/1000 [04:44<01:55,  2.51it/s]
 71%|███████   | 712/1000 [04:44<01:55,  2.50it/s]
 71%|███████▏  | 713/1000 [04:44<01:54,  2.50it/s]
 71%|███████▏  | 714/1000 [04:45<01:54,  2.51it/s]
 72%|███████▏  | 715/1000 [04:45<01:53,  2.51it/s]
 72%|███████▏  | 716/1000 [04:46<01:53,  2.51it/s]
 72%|███████▏  | 717/1000 [04:46<01:52,  2.51it/s]
 72%|███████▏  | 718/1000 [04:46<01:52,  2.51it/s]
 72%|███████▏  | 719/1000 [04:47<01:52,  2.51it/s]
 72%|███████▏  | 720/1000 [04:47<01:51,  2.51it/s]
 72%|███████▏  | 721/1000 [04:48<01:51,  2.51it/s]
 72%|███████▏  | 722/1000 [04:48<01:51,  2.50it/s]
 72%|███████▏  | 723/1000 [04:48<01:50,  2.50it/s]
 72%|███████▏  | 724/1000 [04:49<01:50,  2.50it/s]
 72%|███████▎  | 725/1000 [04:49<01:49,  2.51it/s]
 73%|███████▎  | 726/1000 [04:50<01:49,  2.51it/s]
 73%|███████▎  | 727/1000 [04:50<01:48,  2.51it/s]
 73%|███████▎  | 728/1000 [04:50<01:48,  2.50it/s]
 73%|███████▎  | 729/1000 [04:51<01:48,  2.50it/s]
 73%|███████▎  | 730/1000 [04:51<01:47,  2.51it/s]
 73%|███████▎  | 731/1000 [04:52<01:47,  2.50it/s]
 73%|███████▎  | 732/1000 [04:52<01:47,  2.50it/s]
 73%|███████▎  | 733/1000 [04:52<01:46,  2.51it/s]
 73%|███████▎  | 734/1000 [04:53<01:46,  2.51it/s]
 74%|███████▎  | 735/1000 [04:53<01:45,  2.51it/s]
 74%|███████▎  | 736/1000 [04:54<01:45,  2.51it/s]
 74%|███████▎  | 737/1000 [04:54<01:44,  2.51it/s]
 74%|███████▍  | 738/1000 [04:54<01:44,  2.51it/s]
 74%|███████▍  | 739/1000 [04:55<01:44,  2.51it/s]
 74%|███████▍  | 740/1000 [04:55<01:43,  2.51it/s]
 74%|███████▍  | 741/1000 [04:56<01:43,  2.51it/s]
 74%|███████▍  | 742/1000 [04:56<01:42,  2.51it/s]
 74%|███████▍  | 743/1000 [04:56<01:42,  2.51it/s]
 74%|███████▍  | 744/1000 [04:57<01:42,  2.51it/s]
 74%|███████▍  | 745/1000 [04:57<01:41,  2.51it/s]
 75%|███████▍  | 746/1000 [04:58<01:41,  2.51it/s]
 75%|███████▍  | 747/1000 [04:58<01:40,  2.51it/s]
 75%|███████▍  | 748/1000 [04:58<01:40,  2.51it/s]
 75%|███████▍  | 749/1000 [04:59<01:40,  2.51it/s]
 75%|███████▌  | 750/1000 [04:59<01:39,  2.51it/s]
 75%|███████▌  | 751/1000 [05:00<01:39,  2.51it/s]
 75%|███████▌  | 752/1000 [05:00<01:38,  2.51it/s]
 75%|███████▌  | 753/1000 [05:00<01:38,  2.51it/s]
 75%|███████▌  | 754/1000 [05:01<01:38,  2.51it/s]
 76%|███████▌  | 755/1000 [05:01<01:37,  2.51it/s]
 76%|███████▌  | 756/1000 [05:02<01:37,  2.51it/s]
 76%|███████▌  | 757/1000 [05:02<01:36,  2.51it/s]
 76%|███████▌  | 758/1000 [05:02<01:36,  2.51it/s]
 76%|███████▌  | 759/1000 [05:03<01:36,  2.51it/s]
 76%|███████▌  | 760/1000 [05:03<01:35,  2.51it/s]
 76%|███████▌  | 761/1000 [05:03<01:35,  2.51it/s]
 76%|███████▌  | 762/1000 [05:04<01:34,  2.51it/s]
 76%|███████▋  | 763/1000 [05:04<01:34,  2.51it/s]
 76%|███████▋  | 764/1000 [05:05<01:34,  2.51it/s]
 76%|███████▋  | 765/1000 [05:05<01:33,  2.51it/s]
 77%|███████▋  | 766/1000 [05:05<01:33,  2.50it/s]
 77%|███████▋  | 767/1000 [05:06<01:33,  2.50it/s]
 77%|███████▋  | 768/1000 [05:06<01:32,  2.50it/s]
 77%|███████▋  | 769/1000 [05:07<01:32,  2.50it/s]
 77%|███████▋  | 770/1000 [05:07<01:31,  2.50it/s]
 77%|███████▋  | 771/1000 [05:07<01:31,  2.50it/s]
 77%|███████▋  | 772/1000 [05:08<01:31,  2.50it/s]
 77%|███████▋  | 773/1000 [05:08<01:30,  2.51it/s]
 77%|███████▋  | 774/1000 [05:09<01:30,  2.51it/s]
 78%|███████▊  | 775/1000 [05:09<01:29,  2.51it/s]
 78%|███████▊  | 776/1000 [05:09<01:29,  2.51it/s]
 78%|███████▊  | 777/1000 [05:10<01:28,  2.51it/s]
 78%|███████▊  | 778/1000 [05:10<01:28,  2.51it/s]
 78%|███████▊  | 779/1000 [05:11<01:28,  2.51it/s]
 78%|███████▊  | 780/1000 [05:11<01:27,  2.51it/s]
 78%|███████▊  | 781/1000 [05:11<01:27,  2.50it/s]
 78%|███████▊  | 782/1000 [05:12<01:27,  2.50it/s]
 78%|███████▊  | 783/1000 [05:12<01:26,  2.50it/s]
 78%|███████▊  | 784/1000 [05:13<01:26,  2.50it/s]
 78%|███████▊  | 785/1000 [05:13<01:25,  2.50it/s]
 79%|███████▊  | 786/1000 [05:13<01:25,  2.50it/s]
 79%|███████▊  | 787/1000 [05:14<01:25,  2.50it/s]
 79%|███████▉  | 788/1000 [05:14<01:24,  2.50it/s]
 79%|███████▉  | 789/1000 [05:15<01:24,  2.51it/s]
 79%|███████▉  | 790/1000 [05:15<01:23,  2.50it/s]
 79%|███████▉  | 791/1000 [05:15<01:23,  2.50it/s]
 79%|███████▉  | 792/1000 [05:16<01:23,  2.51it/s]
 79%|███████▉  | 793/1000 [05:16<01:22,  2.50it/s]
 79%|███████▉  | 794/1000 [05:17<01:22,  2.50it/s]
 80%|███████▉  | 795/1000 [05:17<01:21,  2.50it/s]
 80%|███████▉  | 796/1000 [05:17<01:21,  2.50it/s]
 80%|███████▉  | 797/1000 [05:18<01:21,  2.50it/s]
 80%|███████▉  | 798/1000 [05:18<01:20,  2.50it/s]
 80%|███████▉  | 799/1000 [05:19<01:20,  2.50it/s]
 80%|████████  | 800/1000 [05:19<01:19,  2.50it/s]
 80%|████████  | 801/1000 [05:19<01:19,  2.50it/s]
 80%|████████  | 802/1000 [05:20<01:19,  2.50it/s]
 80%|████████  | 803/1000 [05:20<01:18,  2.50it/s]
 80%|████████  | 804/1000 [05:21<01:18,  2.50it/s]
 80%|████████  | 805/1000 [05:21<01:17,  2.50it/s]
