[2026-07-07 20:09:59,910][__main__][INFO] - Planning result saved dir: /__modal/volumes/vo-0WevHLDp8lzpYcSwfuwmkq/runs/medium-normacc-20260707-01/plans/dino_channel_normacc
[2026-07-07 20:10:00,836][dinov2][INFO] - using MLP layer as FFN
[2026-07-07 20:10:01,191][models.dino][WARNING] - Unknown projector 'none' for patch tokens; proceeding without projector.
[2026-07-07 20:10:01,789][models.visual_world_model][INFO] - num_action_repeat: 1
[2026-07-07 20:10:01,790][models.visual_world_model][INFO] - num_proprio_repeat: 1
[2026-07-07 20:10:01,790][models.visual_world_model][INFO] - proprio encoder: ProprioceptiveEmbedding(
  (patch_embed): Conv1d(4, 10, kernel_size=(1,), stride=(1,))
  (norm): LayerNorm((10,), eps=1e-05, elementwise_affine=True)
)
[2026-07-07 20:10:01,791][models.visual_world_model][INFO] - action encoder: ProprioceptiveEmbedding(
  (patch_embed): Conv1d(10, 10, kernel_size=(1,), stride=(1,))
  (norm): LayerNorm((10,), eps=1e-05, elementwise_affine=True)
)
[2026-07-07 20:10:01,791][models.visual_world_model][INFO] - proprio_dim: 10, after repeat: 10
[2026-07-07 20:10:01,791][models.visual_world_model][INFO] - action_dim: 10, after repeat: 10
[2026-07-07 20:10:01,792][models.visual_world_model][INFO] - emb_dim: 28
[2026-07-07 20:10:01,792][models.visual_world_model][INFO] - Straightening disabled
[2026-07-07 20:10:01,792][models.visual_world_model][INFO] - Speed constancy disabled
[2026-07-07 20:10:01,793][models.visual_world_model][INFO] - Ratio speed constancy disabled
[2026-07-07 20:10:01,793][models.visual_world_model][INFO] - Normalized acceleration disabled
[2026-07-07 20:10:01,793][models.visual_world_model][INFO] - Stop-grad enabled: True
[2026-07-07 20:10:01,794][models.visual_world_model][INFO] - VCReg enabled: False, apply_to=enc, std_coeff=0.0, cov_coeff=0.0
[2026-07-07 20:10:01,794][models.visual_world_model][INFO] - Model emb_dim: 28
