nohup: ignoring input
WATCHER_STARTED 2026-07-16T23:43:25+00:00
WAITING 2026-07-16T23:43:25+00:00 OFF=no ON=no
WAITING 2026-07-16T23:44:25+00:00 OFF=no ON=no
WAITING 2026-07-16T23:45:25+00:00 OFF=no ON=no
WAITING 2026-07-16T23:46:25+00:00 OFF=no ON=no
WAITING 2026-07-16T23:47:25+00:00 OFF=no ON=no
WAITING 2026-07-16T23:48:25+00:00 OFF=no ON=no
WAITING 2026-07-16T23:49:25+00:00 OFF=no ON=no
WAITING 2026-07-16T23:50:25+00:00 OFF=no ON=no
WAITING 2026-07-16T23:51:25+00:00 OFF=no ON=no
WAITING 2026-07-16T23:52:25+00:00 OFF=no ON=no
WAITING 2026-07-16T23:53:25+00:00 OFF=no ON=no
WAITING 2026-07-16T23:54:25+00:00 OFF=no ON=no
WAITING 2026-07-16T23:55:25+00:00 OFF=no ON=no
WAITING 2026-07-16T23:56:25+00:00 OFF=no ON=no
WAITING 2026-07-16T23:57:25+00:00 OFF=no ON=no
WAITING 2026-07-16T23:58:25+00:00 OFF=no ON=no
WAITING 2026-07-16T23:59:25+00:00 OFF=no ON=no
WAITING 2026-07-17T00:00:25+00:00 OFF=no ON=no
WAITING 2026-07-17T00:01:25+00:00 OFF=no ON=no
WAITING 2026-07-17T00:02:25+00:00 OFF=no ON=no
WAITING 2026-07-17T00:03:25+00:00 OFF=no ON=no
WAITING 2026-07-17T00:04:25+00:00 OFF=no ON=no
WAITING 2026-07-17T00:05:25+00:00 OFF=no ON=no
WAITING 2026-07-17T00:06:25+00:00 OFF=no ON=no
WAITING 2026-07-17T00:07:25+00:00 OFF=no ON=no
WAITING 2026-07-17T00:08:25+00:00 OFF=no ON=no
WAITING 2026-07-17T00:09:25+00:00 OFF=no ON=no
WAITING 2026-07-17T00:10:25+00:00 OFF=no ON=no
WAITING 2026-07-17T00:11:25+00:00 OFF=no ON=no
WAITING 2026-07-17T00:12:25+00:00 OFF=no ON=no
WAITING 2026-07-17T00:13:25+00:00 OFF=no ON=no
WAITING 2026-07-17T00:14:25+00:00 OFF=no ON=no
WAITING 2026-07-17T00:15:25+00:00 OFF=no ON=no
WAITING 2026-07-17T00:16:25+00:00 OFF=no ON=no
WAITING 2026-07-17T00:17:25+00:00 OFF=no ON=no
WAITING 2026-07-17T00:18:25+00:00 OFF=no ON=no
WAITING 2026-07-17T00:19:25+00:00 OFF=no ON=no
WAITING 2026-07-17T00:20:25+00:00 OFF=no ON=no
WAITING 2026-07-17T00:21:25+00:00 OFF=no ON=no
WAITING 2026-07-17T00:22:25+00:00 OFF=no ON=no
WAITING 2026-07-17T00:23:25+00:00 OFF=no ON=no
WAITING 2026-07-17T00:24:25+00:00 OFF=no ON=no
WAITING 2026-07-17T00:25:25+00:00 OFF=no ON=no
WAITING 2026-07-17T00:26:25+00:00 OFF=no ON=no
WAITING 2026-07-17T00:27:25+00:00 OFF=no ON=yes
WAITING 2026-07-17T00:28:25+00:00 OFF=no ON=yes
WAITING 2026-07-17T00:29:25+00:00 OFF=no ON=yes
WAITING 2026-07-17T00:30:25+00:00 OFF=no ON=yes
WAITING 2026-07-17T00:31:25+00:00 OFF=no ON=yes
WAITING 2026-07-17T00:32:25+00:00 OFF=no ON=yes
WAITING 2026-07-17T00:33:25+00:00 OFF=no ON=yes
nohup: ignoring input
WATCHER_STARTED 2026-07-17T00:34:23+00:00
WAITING 2026-07-17T00:34:23+00:00 OFF=no ON=yes
WAITING 2026-07-17T00:35:23+00:00 OFF=no ON=yes
WAITING 2026-07-17T00:36:23+00:00 OFF=no ON=yes
WAITING 2026-07-17T00:37:23+00:00 OFF=no ON=yes
WAITING 2026-07-17T00:38:23+00:00 OFF=no ON=yes
WAITING 2026-07-17T00:39:23+00:00 OFF=no ON=yes
WAITING 2026-07-17T00:40:23+00:00 OFF=no ON=yes
WAITING 2026-07-17T00:41:23+00:00 OFF=no ON=yes
WAITING 2026-07-17T00:42:23+00:00 OFF=no ON=yes
WAITING 2026-07-17T00:43:23+00:00 OFF=no ON=yes
WAITING 2026-07-17T00:44:23+00:00 OFF=no ON=yes
WAITING 2026-07-17T00:45:23+00:00 OFF=no ON=yes
WAITING 2026-07-17T00:46:23+00:00 OFF=no ON=yes
WAITING 2026-07-17T00:47:23+00:00 OFF=no ON=yes
WAITING 2026-07-17T00:48:23+00:00 OFF=no ON=yes
WAITING 2026-07-17T00:49:23+00:00 OFF=no ON=yes
WAITING 2026-07-17T00:50:23+00:00 OFF=no ON=yes
WAITING 2026-07-17T00:51:23+00:00 OFF=no ON=yes
WAITING 2026-07-17T00:52:23+00:00 OFF=no ON=yes
WAITING 2026-07-17T00:53:23+00:00 OFF=no ON=yes
WAITING 2026-07-17T00:54:23+00:00 OFF=no ON=yes
WAITING 2026-07-17T00:55:23+00:00 OFF=no ON=yes
WAITING 2026-07-17T00:56:23+00:00 OFF=no ON=yes
WAITING 2026-07-17T00:57:23+00:00 OFF=no ON=yes
WAITING 2026-07-17T00:58:23+00:00 OFF=no ON=yes
WAITING 2026-07-17T00:59:23+00:00 OFF=no ON=yes
WAITING 2026-07-17T01:00:23+00:00 OFF=no ON=yes
WAITING 2026-07-17T01:01:23+00:00 OFF=no ON=yes
WAITING 2026-07-17T01:02:23+00:00 OFF=no ON=yes
WAITING_TRAINING 2026-07-17T01:03:23+00:00
WAITING_TRAINING 2026-07-17T01:04:23+00:00
WAITING_TRAINING 2026-07-17T01:05:23+00:00
WAITING_TRAINING 2026-07-17T01:06:23+00:00
WAITING_TRAINING 2026-07-17T01:07:23+00:00
WAITING_TRAINING 2026-07-17T01:08:23+00:00
WAITING_TRAINING 2026-07-17T01:09:23+00:00
WAITING_TRAINING 2026-07-17T01:10:23+00:00
CHECKPOINTS_READY 2026-07-17T01:11:23+00:00
START 2026-07-17T01:13:23+00:00 GPU=2 off 100 10
START 2026-07-17T01:13:23+00:00 GPU=5 off 100 40
START 2026-07-17T01:13:23+00:00 GPU=3 off 100 20
START 2026-07-17T01:13:23+00:00 GPU=6 off 200 0
START 2026-07-17T01:13:23+00:00 GPU=1 off 100 0
START 2026-07-17T01:13:23+00:00 GPU=7 off 200 10
START 2026-07-17T01:13:23+00:00 GPU=4 off 100 30
END 2026-07-17T01:13:29+00:00 RC=1 GPU=7 off 200 10
START 2026-07-17T01:13:29+00:00 GPU=7 off 300 30
END 2026-07-17T01:13:29+00:00 RC=1 GPU=4 off 100 30
START 2026-07-17T01:13:29+00:00 GPU=4 off 300 0
END 2026-07-17T01:13:29+00:00 RC=1 GPU=1 off 100 0
START 2026-07-17T01:13:29+00:00 GPU=1 off 200 20
END 2026-07-17T01:13:29+00:00 RC=1 GPU=6 off 200 0
START 2026-07-17T01:13:29+00:00 GPU=6 off 300 20
END 2026-07-17T01:13:29+00:00 RC=1 GPU=5 off 100 40
START 2026-07-17T01:13:29+00:00 GPU=5 off 300 10
END 2026-07-17T01:13:29+00:00 RC=1 GPU=2 off 100 10
START 2026-07-17T01:13:29+00:00 GPU=2 off 200 30
END 2026-07-17T01:13:30+00:00 RC=1 GPU=3 off 100 20
START 2026-07-17T01:13:30+00:00 GPU=3 off 200 40
END 2026-07-17T01:13:34+00:00 RC=1 GPU=7 off 300 30
START 2026-07-17T01:13:34+00:00 GPU=7 on 200 0
END 2026-07-17T01:13:34+00:00 RC=1 GPU=1 off 200 20
START 2026-07-17T01:13:34+00:00 GPU=1 off 300 40
END 2026-07-17T01:13:34+00:00 RC=1 GPU=5 off 300 10
START 2026-07-17T01:13:34+00:00 GPU=5 on 100 30
END 2026-07-17T01:13:35+00:00 RC=1 GPU=4 off 300 0
START 2026-07-17T01:13:35+00:00 GPU=4 on 100 20
END 2026-07-17T01:13:35+00:00 RC=1 GPU=2 off 200 30
START 2026-07-17T01:13:35+00:00 GPU=2 on 100 0
END 2026-07-17T01:13:35+00:00 RC=1 GPU=6 off 300 20
START 2026-07-17T01:13:35+00:00 GPU=6 on 100 40
END 2026-07-17T01:13:35+00:00 RC=1 GPU=3 off 200 40
START 2026-07-17T01:13:35+00:00 GPU=3 on 100 10
END 2026-07-17T01:13:40+00:00 RC=1 GPU=7 on 200 0
START 2026-07-17T01:13:40+00:00 GPU=7 on 300 20
END 2026-07-17T01:13:40+00:00 RC=1 GPU=1 off 300 40
START 2026-07-17T01:13:40+00:00 GPU=1 on 200 10
END 2026-07-17T01:13:40+00:00 RC=1 GPU=4 on 100 20
START 2026-07-17T01:13:40+00:00 GPU=4 on 200 40
END 2026-07-17T01:13:40+00:00 RC=1 GPU=5 on 100 30
START 2026-07-17T01:13:40+00:00 GPU=5 on 300 0
END 2026-07-17T01:13:40+00:00 RC=1 GPU=2 on 100 0
START 2026-07-17T01:13:40+00:00 GPU=2 on 200 20
END 2026-07-17T01:13:40+00:00 RC=1 GPU=6 on 100 40
START 2026-07-17T01:13:40+00:00 GPU=6 on 300 10
END 2026-07-17T01:13:41+00:00 RC=1 GPU=3 on 100 10
START 2026-07-17T01:13:41+00:00 GPU=3 on 200 30
END 2026-07-17T01:13:45+00:00 RC=1 GPU=7 on 300 20
END 2026-07-17T01:13:45+00:00 RC=1 GPU=5 on 300 0
END 2026-07-17T01:13:45+00:00 RC=1 GPU=1 on 200 10
START 2026-07-17T01:13:45+00:00 GPU=1 on 300 30
END 2026-07-17T01:13:46+00:00 RC=1 GPU=4 on 200 40
END 2026-07-17T01:13:46+00:00 RC=1 GPU=2 on 200 20
START 2026-07-17T01:13:46+00:00 GPU=2 on 300 40
END 2026-07-17T01:13:46+00:00 RC=1 GPU=6 on 300 10
END 2026-07-17T01:13:46+00:00 RC=1 GPU=3 on 200 30
END 2026-07-17T01:13:51+00:00 RC=1 GPU=1 on 300 30
END 2026-07-17T01:13:51+00:00 RC=1 GPU=2 on 300 40
PLANNING_FINISHED 2026-07-17T01:13:51+00:00
nohup: ignoring input
WATCHER_STARTED 2026-07-17T01:15:35+00:00
CHECKPOINTS_READY 2026-07-17T01:15:35+00:00
START 2026-07-17T01:17:35+00:00 GPU=1 off 100 0
START 2026-07-17T01:17:35+00:00 GPU=3 off 100 20
START 2026-07-17T01:17:35+00:00 GPU=2 off 100 10
START 2026-07-17T01:17:35+00:00 GPU=6 off 200 0
START 2026-07-17T01:17:35+00:00 GPU=5 off 100 40
START 2026-07-17T01:17:35+00:00 GPU=4 off 100 30
START 2026-07-17T01:17:35+00:00 GPU=7 off 200 10
END 2026-07-17T01:17:41+00:00 RC=1 GPU=4 off 100 30
START 2026-07-17T01:17:41+00:00 GPU=4 off 300 0
END 2026-07-17T01:17:41+00:00 RC=1 GPU=2 off 100 10
START 2026-07-17T01:17:41+00:00 GPU=2 off 200 30
END 2026-07-17T01:17:41+00:00 RC=1 GPU=5 off 100 40
START 2026-07-17T01:17:41+00:00 GPU=5 off 300 10
END 2026-07-17T01:17:41+00:00 RC=1 GPU=7 off 200 10
START 2026-07-17T01:17:41+00:00 GPU=7 off 300 30
END 2026-07-17T01:17:41+00:00 RC=1 GPU=6 off 200 0
START 2026-07-17T01:17:41+00:00 GPU=6 off 300 20
END 2026-07-17T01:17:41+00:00 RC=1 GPU=3 off 100 20
START 2026-07-17T01:17:41+00:00 GPU=3 off 200 40
END 2026-07-17T01:17:42+00:00 RC=1 GPU=1 off 100 0
START 2026-07-17T01:17:42+00:00 GPU=1 off 200 20
END 2026-07-17T01:17:47+00:00 RC=1 GPU=4 off 300 0
START 2026-07-17T01:17:47+00:00 GPU=4 on 100 20
END 2026-07-17T01:17:47+00:00 RC=1 GPU=2 off 200 30
START 2026-07-17T01:17:47+00:00 GPU=2 on 100 0
END 2026-07-17T01:17:47+00:00 RC=1 GPU=5 off 300 10
START 2026-07-17T01:17:47+00:00 GPU=5 on 100 30
END 2026-07-17T01:17:47+00:00 RC=1 GPU=6 off 300 20
START 2026-07-17T01:17:47+00:00 GPU=6 on 100 40
END 2026-07-17T01:17:47+00:00 RC=1 GPU=7 off 300 30
START 2026-07-17T01:17:47+00:00 GPU=7 on 200 0
END 2026-07-17T01:17:47+00:00 RC=1 GPU=3 off 200 40
START 2026-07-17T01:17:47+00:00 GPU=3 on 100 10
END 2026-07-17T01:17:48+00:00 RC=1 GPU=1 off 200 20
START 2026-07-17T01:17:48+00:00 GPU=1 off 300 40
END 2026-07-17T01:17:52+00:00 RC=1 GPU=4 on 100 20
START 2026-07-17T01:17:52+00:00 GPU=4 on 200 40
END 2026-07-17T01:17:53+00:00 RC=1 GPU=3 on 100 10
START 2026-07-17T01:17:53+00:00 GPU=3 on 200 30
END 2026-07-17T01:17:53+00:00 RC=1 GPU=2 on 100 0
START 2026-07-17T01:17:53+00:00 GPU=2 on 200 20
END 2026-07-17T01:17:53+00:00 RC=1 GPU=5 on 100 30
START 2026-07-17T01:17:53+00:00 GPU=5 on 300 0
END 2026-07-17T01:17:53+00:00 RC=1 GPU=7 on 200 0
START 2026-07-17T01:17:53+00:00 GPU=7 on 300 20
END 2026-07-17T01:17:53+00:00 RC=1 GPU=6 on 100 40
START 2026-07-17T01:17:53+00:00 GPU=6 on 300 10
END 2026-07-17T01:17:53+00:00 RC=1 GPU=1 off 300 40
START 2026-07-17T01:17:53+00:00 GPU=1 on 200 10
END 2026-07-17T01:17:58+00:00 RC=1 GPU=4 on 200 40
END 2026-07-17T01:17:58+00:00 RC=1 GPU=2 on 200 20
START 2026-07-17T01:17:58+00:00 GPU=2 on 300 40
END 2026-07-17T01:17:59+00:00 RC=1 GPU=5 on 300 0
END 2026-07-17T01:17:59+00:00 RC=1 GPU=3 on 200 30
END 2026-07-17T01:17:59+00:00 RC=1 GPU=6 on 300 10
END 2026-07-17T01:17:59+00:00 RC=1 GPU=1 on 200 10
START 2026-07-17T01:17:59+00:00 GPU=1 on 300 30
END 2026-07-17T01:17:59+00:00 RC=1 GPU=7 on 300 20
END 2026-07-17T01:18:04+00:00 RC=1 GPU=2 on 300 40
END 2026-07-17T01:18:04+00:00 RC=1 GPU=1 on 300 30
PLANNING_FINISHED 2026-07-17T01:18:04+00:00
nohup: ignoring input
WATCHER_STARTED 2026-07-17T01:19:14+00:00
CHECKPOINTS_READY 2026-07-17T01:19:14+00:00
START 2026-07-17T01:21:14+00:00 GPU=1 off 100 0
START 2026-07-17T01:21:14+00:00 GPU=3 off 100 20
START 2026-07-17T01:21:14+00:00 GPU=2 off 100 10
START 2026-07-17T01:21:14+00:00 GPU=5 off 100 40
START 2026-07-17T01:21:14+00:00 GPU=4 off 100 30
START 2026-07-17T01:21:14+00:00 GPU=7 off 200 10
START 2026-07-17T01:21:14+00:00 GPU=6 off 200 0
END 2026-07-17T01:21:19+00:00 RC=1 GPU=1 off 100 0
START 2026-07-17T01:21:19+00:00 GPU=1 off 200 20
END 2026-07-17T01:21:19+00:00 RC=1 GPU=7 off 200 10
START 2026-07-17T01:21:19+00:00 GPU=7 off 300 30
END 2026-07-17T01:21:20+00:00 RC=1 GPU=5 off 100 40
END 2026-07-17T01:21:20+00:00 RC=1 GPU=3 off 100 20
START 2026-07-17T01:21:20+00:00 GPU=5 off 300 10
START 2026-07-17T01:21:20+00:00 GPU=3 off 200 40
END 2026-07-17T01:21:20+00:00 RC=1 GPU=6 off 200 0
START 2026-07-17T01:21:20+00:00 GPU=6 off 300 20
END 2026-07-17T01:21:20+00:00 RC=1 GPU=4 off 100 30
START 2026-07-17T01:21:20+00:00 GPU=4 off 300 0
END 2026-07-17T01:21:20+00:00 RC=1 GPU=2 off 100 10
START 2026-07-17T01:21:20+00:00 GPU=2 off 200 30
END 2026-07-17T01:21:25+00:00 RC=1 GPU=1 off 200 20
START 2026-07-17T01:21:25+00:00 GPU=1 off 300 40
END 2026-07-17T01:21:26+00:00 RC=1 GPU=3 off 200 40
START 2026-07-17T01:21:26+00:00 GPU=3 on 100 10
END 2026-07-17T01:21:26+00:00 RC=1 GPU=7 off 300 30
START 2026-07-17T01:21:26+00:00 GPU=7 on 200 0
END 2026-07-17T01:21:26+00:00 RC=1 GPU=6 off 300 20
START 2026-07-17T01:21:26+00:00 GPU=6 on 100 40
END 2026-07-17T01:21:26+00:00 RC=1 GPU=5 off 300 10
START 2026-07-17T01:21:26+00:00 GPU=5 on 100 30
END 2026-07-17T01:21:26+00:00 RC=1 GPU=4 off 300 0
START 2026-07-17T01:21:26+00:00 GPU=4 on 100 20
END 2026-07-17T01:21:26+00:00 RC=1 GPU=2 off 200 30
START 2026-07-17T01:21:26+00:00 GPU=2 on 100 0
END 2026-07-17T01:21:31+00:00 RC=1 GPU=1 off 300 40
START 2026-07-17T01:21:31+00:00 GPU=1 on 200 10
END 2026-07-17T01:21:32+00:00 RC=1 GPU=3 on 100 10
START 2026-07-17T01:21:32+00:00 GPU=3 on 200 30
END 2026-07-17T01:21:32+00:00 RC=1 GPU=7 on 200 0
START 2026-07-17T01:21:32+00:00 GPU=7 on 300 20
END 2026-07-17T01:21:32+00:00 RC=1 GPU=6 on 100 40
START 2026-07-17T01:21:32+00:00 GPU=6 on 300 10
END 2026-07-17T01:21:32+00:00 RC=1 GPU=5 on 100 30
END 2026-07-17T01:21:32+00:00 RC=1 GPU=4 on 100 20
START 2026-07-17T01:21:32+00:00 GPU=5 on 300 0
START 2026-07-17T01:21:32+00:00 GPU=4 on 200 40
END 2026-07-17T01:21:32+00:00 RC=1 GPU=2 on 100 0
START 2026-07-17T01:21:32+00:00 GPU=2 on 200 20
END 2026-07-17T01:21:37+00:00 RC=1 GPU=1 on 200 10
START 2026-07-17T01:21:37+00:00 GPU=1 on 300 30
END 2026-07-17T01:21:38+00:00 RC=1 GPU=3 on 200 30
END 2026-07-17T01:21:38+00:00 RC=1 GPU=7 on 300 20
END 2026-07-17T01:21:38+00:00 RC=1 GPU=2 on 200 20
START 2026-07-17T01:21:38+00:00 GPU=2 on 300 40
END 2026-07-17T01:21:38+00:00 RC=1 GPU=6 on 300 10
END 2026-07-17T01:21:38+00:00 RC=1 GPU=4 on 200 40
END 2026-07-17T01:21:38+00:00 RC=1 GPU=5 on 300 0
END 2026-07-17T01:21:42+00:00 RC=1 GPU=1 on 300 30
END 2026-07-17T01:21:43+00:00 RC=1 GPU=2 on 300 40
PLANNING_FINISHED 2026-07-17T01:21:43+00:00
nohup: ignoring input
WATCHER_STARTED 2026-07-17T01:23:08+00:00
CHECKPOINTS_READY 2026-07-17T01:23:08+00:00
START 2026-07-17T01:23:13+00:00 GPU=1 off 100 0
START 2026-07-17T01:23:13+00:00 GPU=4 off 100 30
START 2026-07-17T01:23:13+00:00 GPU=2 off 100 10
START 2026-07-17T01:23:13+00:00 GPU=5 off 100 40
START 2026-07-17T01:23:13+00:00 GPU=6 off 200 0
START 2026-07-17T01:23:13+00:00 GPU=3 off 100 20
START 2026-07-17T01:23:13+00:00 GPU=7 off 200 10
END 2026-07-17T01:25:53+00:00 RC=0 GPU=6 off 200 0
START 2026-07-17T01:25:53+00:00 GPU=6 off 300 20
END 2026-07-17T01:30:06+00:00 RC=0 GPU=1 off 100 0
START 2026-07-17T01:30:06+00:00 GPU=1 off 200 20
END 2026-07-17T01:30:21+00:00 RC=0 GPU=5 off 100 40
START 2026-07-17T01:30:21+00:00 GPU=5 off 300 10
END 2026-07-17T01:30:39+00:00 RC=0 GPU=7 off 200 10
START 2026-07-17T01:30:39+00:00 GPU=7 off 300 30
END 2026-07-17T01:30:40+00:00 RC=0 GPU=2 off 100 10
START 2026-07-17T01:30:40+00:00 GPU=2 off 200 30
END 2026-07-17T01:30:42+00:00 RC=0 GPU=4 off 100 30
START 2026-07-17T01:30:42+00:00 GPU=4 off 300 0
END 2026-07-17T01:31:01+00:00 RC=0 GPU=3 off 100 20
START 2026-07-17T01:31:01+00:00 GPU=3 off 200 40
END 2026-07-17T01:32:53+00:00 RC=0 GPU=6 off 300 20
START 2026-07-17T01:32:53+00:00 GPU=6 on 100 40
END 2026-07-17T01:33:08+00:00 RC=0 GPU=1 off 200 20
START 2026-07-17T01:33:08+00:00 GPU=1 off 300 40
END 2026-07-17T01:33:09+00:00 RC=0 GPU=5 off 300 10
START 2026-07-17T01:33:09+00:00 GPU=5 on 100 30
END 2026-07-17T01:36:35+00:00 RC=0 GPU=2 off 200 30
START 2026-07-17T01:36:35+00:00 GPU=2 on 100 0
END 2026-07-17T01:37:06+00:00 RC=0 GPU=4 off 300 0
START 2026-07-17T01:37:06+00:00 GPU=4 on 100 20
END 2026-07-17T01:37:40+00:00 RC=0 GPU=7 off 300 30
START 2026-07-17T01:37:40+00:00 GPU=7 on 200 0
END 2026-07-17T01:37:46+00:00 RC=0 GPU=3 off 200 40
START 2026-07-17T01:37:46+00:00 GPU=3 on 100 10
END 2026-07-17T01:37:51+00:00 RC=0 GPU=6 on 100 40
START 2026-07-17T01:37:51+00:00 GPU=6 on 300 10
END 2026-07-17T01:40:02+00:00 RC=0 GPU=1 off 300 40
START 2026-07-17T01:40:02+00:00 GPU=1 on 200 10
END 2026-07-17T01:40:05+00:00 RC=0 GPU=5 on 100 30
START 2026-07-17T01:40:05+00:00 GPU=5 on 300 0
END 2026-07-17T01:41:11+00:00 RC=0 GPU=2 on 100 0
START 2026-07-17T01:41:11+00:00 GPU=2 on 200 20
END 2026-07-17T01:41:44+00:00 RC=0 GPU=4 on 100 20
START 2026-07-17T01:41:44+00:00 GPU=4 on 200 40
END 2026-07-17T01:44:32+00:00 RC=0 GPU=7 on 200 0
START 2026-07-17T01:44:32+00:00 GPU=7 on 300 20
END 2026-07-17T01:44:46+00:00 RC=0 GPU=6 on 300 10
END 2026-07-17T01:45:09+00:00 RC=0 GPU=3 on 100 10
START 2026-07-17T01:45:09+00:00 GPU=3 on 200 30
END 2026-07-17T01:46:38+00:00 RC=0 GPU=5 on 300 0
END 2026-07-17T01:47:00+00:00 RC=0 GPU=1 on 200 10
START 2026-07-17T01:47:00+00:00 GPU=1 on 300 30
END 2026-07-17T01:47:01+00:00 RC=0 GPU=2 on 200 20
START 2026-07-17T01:47:01+00:00 GPU=2 on 300 40
END 2026-07-17T01:47:04+00:00 RC=0 GPU=4 on 200 40
END 2026-07-17T01:47:12+00:00 RC=0 GPU=7 on 300 20
END 2026-07-17T01:47:41+00:00 RC=0 GPU=3 on 200 30
END 2026-07-17T01:47:48+00:00 RC=0 GPU=1 on 300 30
END 2026-07-17T01:47:48+00:00 RC=0 GPU=2 on 300 40
PLANNING_FINISHED 2026-07-17T01:47:48+00:00
