[2026-07-17 07:38:00,435][__main__][INFO] - Planning result saved dir: /opt/dlami/nvme/home/jupyter-deuk-e40b/cls_plan_viz/plan_seed_200
[2026-07-17 07:38:01,681][dinov2][INFO] - using MLP layer as FFN
[2026-07-17 07:38:02,089][models.dino][WARNING] - Unknown projector 'none' for patch tokens; proceeding without projector.
[2026-07-17 07:38:02,547][models.visual_world_model][INFO] - num_action_repeat: 1
[2026-07-17 07:38:02,548][models.visual_world_model][INFO] - num_proprio_repeat: 1
[2026-07-17 07:38:02,548][models.visual_world_model][INFO] - proprio encoder: ProprioceptiveEmbedding(
  (patch_embed): Conv1d(4, 10, kernel_size=(1,), stride=(1,))
  (norm): LayerNorm((10,), eps=1e-05, elementwise_affine=True)
)
[2026-07-17 07:38:02,548][models.visual_world_model][INFO] - action encoder: ProprioceptiveEmbedding(
  (patch_embed): Conv1d(10, 10, kernel_size=(1,), stride=(1,))
  (norm): LayerNorm((10,), eps=1e-05, elementwise_affine=True)
)
[2026-07-17 07:38:02,548][models.visual_world_model][INFO] - proprio_dim: 10, after repeat: 10
[2026-07-17 07:38:02,548][models.visual_world_model][INFO] - action_dim: 10, after repeat: 10
[2026-07-17 07:38:02,548][models.visual_world_model][INFO] - emb_dim: 404
[2026-07-17 07:38:02,548][models.visual_world_model][INFO] - Straightening disabled
[2026-07-17 07:38:02,548][models.visual_world_model][INFO] - Speed constancy disabled
[2026-07-17 07:38:02,548][models.visual_world_model][INFO] - Stop-grad enabled: True
[2026-07-17 07:38:02,548][models.visual_world_model][INFO] - VCReg enabled: False, apply_to=enc, std_coeff=0.0, cov_coeff=0.0
[2026-07-17 07:38:02,548][models.visual_world_model][INFO] - Model emb_dim: 404
